<?xml version="1.0" encoding="UTF-8"?>
<testsuites name="TestSuite" time="241" tests="0" failures="3" errors="0">
   <testsuite name="TestSuite" tests="0" failures="3" errors="0" time="241" timestamp="2018-07-30 22:00:07" hostname="dshiosaky - dshiosaky-LTP" id="Test Suites/TestSuite">
      <properties>
         <property name="deviceName" value=""/>
         <property name="devicePlatform" value=""/>
         <property name="logFolder" value="H:\\OE_user_Activation\\Reports\\TestSuite\\20180730_215954"/>
         <property name="logFiles" value="H:\\OE_user_Activation\\Reports\\TestSuite\\20180730_215954\\execution0.log"/>
         <property name="attachments" value="H:\\OE_user_Activation\\Reports\\TestSuite\\20180730_215954\\1533002498448.png, H:\\OE_user_Activation\\Reports\\TestSuite\\20180730_215954\\1533002573795.png, H:\\OE_user_Activation\\Reports\\TestSuite\\20180730_215954\\1533002648465.png"/>
         <property name="hostName" value="dshiosaky - dshiosaky-LTP"/>
         <property name="os" value="Windows 10 64bit"/>
         <property name="katalonVersion" value="5.5.0.1"/>
         <property name="browser" value="Firefox 58.0"/>
         <property name="hostAddress" value="192.168.11.1"/>
         <property name="sessionId" value="b56323c8-f3ca-4ff0-9f3a-248fe242fd55"/>
         <property name="seleniumVersion" value="3.7.1"/>
         <property name="proxyInformation" value="ProxyInformation{proxyOption=NO_PROXY, proxyServerType=HTTP, password=, proxyServerAddress=, proxyServerPort=0}"/>
         <property name="platform" value="Windows 10"/>
      </properties>
      <testcase name="Test Cases/Convert Lead in sf" classname="Test Cases/Convert Lead in sf" status="FAILED">
         <failure type="FAILED" message="Unable to click on object 'Object Repository/Page_Lead Daniel Levelthree  Salesf/input_sales_tool' (Root cause: com.kms.katalon.core.webui.exception.WebElementNotFoundException: Web element with id: 'Object Repository/Page_Lead Daniel Levelthree  Salesf/input_sales_tool' located by 'By.xpath: //input[@name = 'sales_tool' and @title = 'Sales Tool' and @type = 'button']' not found)"/>
         <system-out><![CDATA[2018-07-30 22:00:08 - [TEST_CASE][FAILED] - Test Cases/Convert Lead in sf: Test Cases/Convert Lead in sf FAILED because (of) Unable to click on object 'Object Repository/Page_Lead Daniel Levelthree  Salesf/input_sales_tool' (Root cause: com.kms.katalon.core.webui.exception.WebElementNotFoundException: Web element with id: 'Object Repository/Page_Lead Daniel Levelthree  Salesf/input_sales_tool' located by 'By.xpath: //input[@name = 'sales_tool' and @title = 'Sales Tool' and @type = 'button']' not found)

2018-07-30 22:00:10 - [TEST_STEP][PASSED] - openBrowser: Browser is opened with url: ''

2018-07-30 22:00:23 - [MESSAGE][PASSED] - Browser is opened with url: ''

2018-07-30 22:00:23 - [TEST_STEP][PASSED] - maximizeWindow: Current window maximized

2018-07-30 22:00:27 - [MESSAGE][PASSED] - Current window maximized

2018-07-30 22:00:27 - [TEST_STEP][PASSED] - navigateToUrl: Navigate to 'https://test.salesforce.com/' successfully

2018-07-30 22:00:29 - [MESSAGE][PASSED] - Navigate to 'https://test.salesforce.com/' successfully

2018-07-30 22:00:29 - [TEST_STEP][PASSED] - delay: Delayed 5 second(s)

2018-07-30 22:00:34 - [MESSAGE][PASSED] - Delayed 5 second(s)

2018-07-30 22:00:34 - [TEST_STEP][PASSED] - setText: Text 'daniel.shiosaky@openenglish.com.stg' is set on object 'Object Repository/Page_Login  Salesforce/input_username'

2018-07-30 22:00:35 - [MESSAGE][PASSED] - Text 'daniel.shiosaky@openenglish.com.stg' is set on object 'Object Repository/Page_Login  Salesforce/input_username'

2018-07-30 22:00:35 - [TEST_STEP][PASSED] - setText: Text 'Ds.4285716010*' is set on object 'Object Repository/Page_Login  Salesforce/input_pw'

2018-07-30 22:00:35 - [MESSAGE][PASSED] - Text 'Ds.4285716010*' is set on object 'Object Repository/Page_Login  Salesforce/input_pw'

2018-07-30 22:00:35 - [TEST_STEP][PASSED] - click: Object: 'Object Repository/Page_Login  Salesforce/input_Login' is clicked on

2018-07-30 22:00:45 - [MESSAGE][PASSED] - Object: 'Object Repository/Page_Login  Salesforce/input_Login' is clicked on

2018-07-30 22:00:45 - [TEST_STEP][PASSED] - delay: Delayed 5 second(s)

2018-07-30 22:00:50 - [MESSAGE][PASSED] - Delayed 5 second(s)

2018-07-30 22:00:50 - [TEST_STEP][PASSED] - click: Object: 'Object Repository/Page_Salesforce - Performance Editi/a_Leads' is clicked on

2018-07-30 22:00:53 - [MESSAGE][PASSED] - Object: 'Object Repository/Page_Salesforce - Performance Editi/a_Leads' is clicked on

2018-07-30 22:00:53 - [TEST_STEP][PASSED] - setText: Text 'daniel.pctracker1@mailinator.com' is set on object 'Object Repository/Page_Leads Home  Salesforce - Perfo/input_str'

2018-07-30 22:00:53 - [MESSAGE][PASSED] - Text 'daniel.pctracker1@mailinator.com' is set on object 'Object Repository/Page_Leads Home  Salesforce - Perfo/input_str'

2018-07-30 22:00:53 - [TEST_STEP][PASSED] - click: Object: 'Object Repository/Page_Leads Home  Salesforce - Perfo/input_phSearchButton' is clicked on

2018-07-30 22:00:56 - [MESSAGE][PASSED] - Object: 'Object Repository/Page_Leads Home  Salesforce - Perfo/input_phSearchButton' is clicked on

2018-07-30 22:00:56 - [TEST_STEP][PASSED] - delay: Delayed 5 second(s)

2018-07-30 22:01:01 - [MESSAGE][PASSED] - Delayed 5 second(s)

2018-07-30 22:01:01 - [TEST_STEP][PASSED] - click: Object: 'Object Repository/Page_Search Results  Salesforce - P (1)/a_StudentName' is clicked on

2018-07-30 22:01:07 - [MESSAGE][PASSED] - Object: 'Object Repository/Page_Search Results  Salesforce - P (1)/a_StudentName' is clicked on

2018-07-30 22:01:07 - [TEST_STEP][FAILED] - click: Unable to click on object 'Object Repository/Page_Lead Daniel Levelthree  Salesf/input_sales_tool' (Root cause: com.kms.katalon.core.webui.exception.WebElementNotFoundException: Web element with id: 'Object Repository/Page_Lead Daniel Levelthree  Salesf/input_sales_tool' located by 'By.xpath: //input[@name = 'sales_tool' and @title = 'Sales Tool' and @type = 'button']' not found)

2018-07-30 22:01:38 - [MESSAGE][FAILED] - Unable to click on object 'Object Repository/Page_Lead Daniel Levelthree  Salesf/input_sales_tool' (Root cause: com.kms.katalon.core.webui.exception.WebElementNotFoundException: Web element with id: 'Object Repository/Page_Lead Daniel Levelthree  Salesf/input_sales_tool' located by 'By.xpath: //input[@name = 'sales_tool' and @title = 'Sales Tool' and @type = 'button']' not found)
[[ATTACHMENT|H:\\OE_user_Activation\\Reports\\TestSuite\\20180730_215954\\1533002498448.png]]]]></system-out>
         <system-err><![CDATA[2018-07-30 22:00:08 - [TEST_CASE][FAILED] - Test Cases/Convert Lead in sf: Test Cases/Convert Lead in sf FAILED because (of) Unable to click on object 'Object Repository/Page_Lead Daniel Levelthree  Salesf/input_sales_tool' (Root cause: com.kms.katalon.core.webui.exception.WebElementNotFoundException: Web element with id: 'Object Repository/Page_Lead Daniel Levelthree  Salesf/input_sales_tool' located by 'By.xpath: //input[@name = 'sales_tool' and @title = 'Sales Tool' and @type = 'button']' not found)]]></system-err>
      </testcase>
      <testcase name="Test Cases/Convert Lead in sf" classname="Test Cases/Convert Lead in sf" status="FAILED">
         <failure type="FAILED" message="Unable to click on object 'Object Repository/Page_Lead Daniel Levelthree  Salesf/input_sales_tool' (Root cause: com.kms.katalon.core.webui.exception.WebElementNotFoundException: Web element with id: 'Object Repository/Page_Lead Daniel Levelthree  Salesf/input_sales_tool' located by 'By.xpath: //input[@name = 'sales_tool' and @title = 'Sales Tool' and @type = 'button']' not found)"/>
         <system-out><![CDATA[2018-07-30 22:01:38 - [TEST_CASE][FAILED] - Test Cases/Convert Lead in sf: Test Cases/Convert Lead in sf FAILED because (of) Unable to click on object 'Object Repository/Page_Lead Daniel Levelthree  Salesf/input_sales_tool' (Root cause: com.kms.katalon.core.webui.exception.WebElementNotFoundException: Web element with id: 'Object Repository/Page_Lead Daniel Levelthree  Salesf/input_sales_tool' located by 'By.xpath: //input[@name = 'sales_tool' and @title = 'Sales Tool' and @type = 'button']' not found)

2018-07-30 22:01:38 - [TEST_STEP][PASSED] - openBrowser: Browser is opened with url: ''

2018-07-30 22:01:38 - [MESSAGE][WARNING] - A browser is already opened. Closing browser and opening a new one

2018-07-30 22:01:46 - [MESSAGE][PASSED] - Browser is opened with url: ''

2018-07-30 22:01:46 - [TEST_STEP][PASSED] - maximizeWindow: Current window maximized

2018-07-30 22:01:49 - [MESSAGE][PASSED] - Current window maximized

2018-07-30 22:01:49 - [TEST_STEP][PASSED] - navigateToUrl: Navigate to 'https://test.salesforce.com/' successfully

2018-07-30 22:01:53 - [MESSAGE][PASSED] - Navigate to 'https://test.salesforce.com/' successfully

2018-07-30 22:01:53 - [TEST_STEP][PASSED] - delay: Delayed 5 second(s)

2018-07-30 22:01:58 - [MESSAGE][PASSED] - Delayed 5 second(s)

2018-07-30 22:01:58 - [TEST_STEP][PASSED] - setText: Text 'daniel.shiosaky@openenglish.com.stg' is set on object 'Object Repository/Page_Login  Salesforce/input_username'

2018-07-30 22:01:58 - [MESSAGE][PASSED] - Text 'daniel.shiosaky@openenglish.com.stg' is set on object 'Object Repository/Page_Login  Salesforce/input_username'

2018-07-30 22:01:58 - [TEST_STEP][PASSED] - setText: Text 'Ds.4285716010*' is set on object 'Object Repository/Page_Login  Salesforce/input_pw'

2018-07-30 22:01:59 - [MESSAGE][PASSED] - Text 'Ds.4285716010*' is set on object 'Object Repository/Page_Login  Salesforce/input_pw'

2018-07-30 22:01:59 - [TEST_STEP][PASSED] - click: Object: 'Object Repository/Page_Login  Salesforce/input_Login' is clicked on

2018-07-30 22:02:02 - [MESSAGE][PASSED] - Object: 'Object Repository/Page_Login  Salesforce/input_Login' is clicked on

2018-07-30 22:02:02 - [TEST_STEP][PASSED] - delay: Delayed 5 second(s)

2018-07-30 22:02:07 - [MESSAGE][PASSED] - Delayed 5 second(s)

2018-07-30 22:02:07 - [TEST_STEP][PASSED] - click: Object: 'Object Repository/Page_Salesforce - Performance Editi/a_Leads' is clicked on

2018-07-30 22:02:11 - [MESSAGE][PASSED] - Object: 'Object Repository/Page_Salesforce - Performance Editi/a_Leads' is clicked on

2018-07-30 22:02:11 - [TEST_STEP][PASSED] - setText: Text 'daniel.pctracker2@mailinator.com' is set on object 'Object Repository/Page_Leads Home  Salesforce - Perfo/input_str'

2018-07-30 22:02:11 - [MESSAGE][PASSED] - Text 'daniel.pctracker2@mailinator.com' is set on object 'Object Repository/Page_Leads Home  Salesforce - Perfo/input_str'

2018-07-30 22:02:11 - [TEST_STEP][PASSED] - click: Object: 'Object Repository/Page_Leads Home  Salesforce - Perfo/input_phSearchButton' is clicked on

2018-07-30 22:02:13 - [MESSAGE][PASSED] - Object: 'Object Repository/Page_Leads Home  Salesforce - Perfo/input_phSearchButton' is clicked on

2018-07-30 22:02:13 - [TEST_STEP][PASSED] - delay: Delayed 5 second(s)

2018-07-30 22:02:18 - [MESSAGE][PASSED] - Delayed 5 second(s)

2018-07-30 22:02:18 - [TEST_STEP][PASSED] - click: Object: 'Object Repository/Page_Search Results  Salesforce - P (1)/a_StudentName' is clicked on

2018-07-30 22:02:22 - [MESSAGE][PASSED] - Object: 'Object Repository/Page_Search Results  Salesforce - P (1)/a_StudentName' is clicked on

2018-07-30 22:02:22 - [TEST_STEP][FAILED] - click: Unable to click on object 'Object Repository/Page_Lead Daniel Levelthree  Salesf/input_sales_tool' (Root cause: com.kms.katalon.core.webui.exception.WebElementNotFoundException: Web element with id: 'Object Repository/Page_Lead Daniel Levelthree  Salesf/input_sales_tool' located by 'By.xpath: //input[@name = 'sales_tool' and @title = 'Sales Tool' and @type = 'button']' not found)

2018-07-30 22:02:53 - [MESSAGE][FAILED] - Unable to click on object 'Object Repository/Page_Lead Daniel Levelthree  Salesf/input_sales_tool' (Root cause: com.kms.katalon.core.webui.exception.WebElementNotFoundException: Web element with id: 'Object Repository/Page_Lead Daniel Levelthree  Salesf/input_sales_tool' located by 'By.xpath: //input[@name = 'sales_tool' and @title = 'Sales Tool' and @type = 'button']' not found)
[[ATTACHMENT|H:\\OE_user_Activation\\Reports\\TestSuite\\20180730_215954\\1533002573795.png]]]]></system-out>
         <system-err><![CDATA[2018-07-30 22:01:38 - [TEST_CASE][FAILED] - Test Cases/Convert Lead in sf: Test Cases/Convert Lead in sf FAILED because (of) Unable to click on object 'Object Repository/Page_Lead Daniel Levelthree  Salesf/input_sales_tool' (Root cause: com.kms.katalon.core.webui.exception.WebElementNotFoundException: Web element with id: 'Object Repository/Page_Lead Daniel Levelthree  Salesf/input_sales_tool' located by 'By.xpath: //input[@name = 'sales_tool' and @title = 'Sales Tool' and @type = 'button']' not found)]]></system-err>
      </testcase>
      <testcase name="Test Cases/Convert Lead in sf" classname="Test Cases/Convert Lead in sf" status="FAILED">
         <failure type="FAILED" message="Unable to click on object 'Object Repository/Page_Sales Tool  Salesforce - Perfo/input_j_id0j_id110j_id111mainF' (Root cause: com.kms.katalon.core.webui.exception.WebElementNotFoundException: Web element with id: 'Object Repository/Page_Sales Tool  Salesforce - Perfo/input_j_id0j_id110j_id111mainF' located by 'By.xpath: //input[@id = 'j_id0:j_id110:j_id111:mainForm:j_id122:0:j_id131:0:cmdProcess' and @name = 'j_id0:j_id110:j_id111:mainForm:j_id122:0:j_id131:0:cmdProcess' and @type = 'submit']' not found)"/>
         <system-out><![CDATA[2018-07-30 22:02:53 - [TEST_CASE][FAILED] - Test Cases/Convert Lead in sf: Test Cases/Convert Lead in sf FAILED because (of) Unable to click on object 'Object Repository/Page_Sales Tool  Salesforce - Perfo/input_j_id0j_id110j_id111mainF' (Root cause: com.kms.katalon.core.webui.exception.WebElementNotFoundException: Web element with id: 'Object Repository/Page_Sales Tool  Salesforce - Perfo/input_j_id0j_id110j_id111mainF' located by 'By.xpath: //input[@id = 'j_id0:j_id110:j_id111:mainForm:j_id122:0:j_id131:0:cmdProcess' and @name = 'j_id0:j_id110:j_id111:mainForm:j_id122:0:j_id131:0:cmdProcess' and @type = 'submit']' not found)

2018-07-30 22:02:54 - [TEST_STEP][PASSED] - openBrowser: Browser is opened with url: ''

2018-07-30 22:02:54 - [MESSAGE][WARNING] - A browser is already opened. Closing browser and opening a new one

2018-07-30 22:03:01 - [MESSAGE][PASSED] - Browser is opened with url: ''

2018-07-30 22:03:01 - [TEST_STEP][PASSED] - maximizeWindow: Current window maximized

2018-07-30 22:03:04 - [MESSAGE][PASSED] - Current window maximized

2018-07-30 22:03:04 - [TEST_STEP][PASSED] - navigateToUrl: Navigate to 'https://test.salesforce.com/' successfully

2018-07-30 22:03:06 - [MESSAGE][PASSED] - Navigate to 'https://test.salesforce.com/' successfully

2018-07-30 22:03:06 - [TEST_STEP][PASSED] - delay: Delayed 5 second(s)

2018-07-30 22:03:11 - [MESSAGE][PASSED] - Delayed 5 second(s)

2018-07-30 22:03:11 - [TEST_STEP][PASSED] - setText: Text 'daniel.shiosaky@openenglish.com.stg' is set on object 'Object Repository/Page_Login  Salesforce/input_username'

2018-07-30 22:03:12 - [MESSAGE][PASSED] - Text 'daniel.shiosaky@openenglish.com.stg' is set on object 'Object Repository/Page_Login  Salesforce/input_username'

2018-07-30 22:03:12 - [TEST_STEP][PASSED] - setText: Text 'Ds.4285716010*' is set on object 'Object Repository/Page_Login  Salesforce/input_pw'

2018-07-30 22:03:12 - [MESSAGE][PASSED] - Text 'Ds.4285716010*' is set on object 'Object Repository/Page_Login  Salesforce/input_pw'

2018-07-30 22:03:12 - [TEST_STEP][PASSED] - click: Object: 'Object Repository/Page_Login  Salesforce/input_Login' is clicked on

2018-07-30 22:03:15 - [MESSAGE][PASSED] - Object: 'Object Repository/Page_Login  Salesforce/input_Login' is clicked on

2018-07-30 22:03:15 - [TEST_STEP][PASSED] - delay: Delayed 5 second(s)

2018-07-30 22:03:20 - [MESSAGE][PASSED] - Delayed 5 second(s)

2018-07-30 22:03:20 - [TEST_STEP][PASSED] - click: Object: 'Object Repository/Page_Salesforce - Performance Editi/a_Leads' is clicked on

2018-07-30 22:03:22 - [MESSAGE][PASSED] - Object: 'Object Repository/Page_Salesforce - Performance Editi/a_Leads' is clicked on

2018-07-30 22:03:22 - [TEST_STEP][PASSED] - setText: Text 'daniel.pctracker3@mailinator.com' is set on object 'Object Repository/Page_Leads Home  Salesforce - Perfo/input_str'

2018-07-30 22:03:23 - [MESSAGE][PASSED] - Text 'daniel.pctracker3@mailinator.com' is set on object 'Object Repository/Page_Leads Home  Salesforce - Perfo/input_str'

2018-07-30 22:03:23 - [TEST_STEP][PASSED] - click: Object: 'Object Repository/Page_Leads Home  Salesforce - Perfo/input_phSearchButton' is clicked on

2018-07-30 22:03:26 - [MESSAGE][PASSED] - Object: 'Object Repository/Page_Leads Home  Salesforce - Perfo/input_phSearchButton' is clicked on

2018-07-30 22:03:26 - [TEST_STEP][PASSED] - delay: Delayed 5 second(s)

2018-07-30 22:03:31 - [MESSAGE][PASSED] - Delayed 5 second(s)

2018-07-30 22:03:31 - [TEST_STEP][PASSED] - click: Object: 'Object Repository/Page_Search Results  Salesforce - P (1)/a_StudentName' is clicked on

2018-07-30 22:03:33 - [MESSAGE][PASSED] - Object: 'Object Repository/Page_Search Results  Salesforce - P (1)/a_StudentName' is clicked on

2018-07-30 22:03:33 - [TEST_STEP][PASSED] - click: Object: 'Object Repository/Page_Lead Daniel Levelthree  Salesf/input_sales_tool' is clicked on

2018-07-30 22:03:37 - [MESSAGE][PASSED] - Object: 'Object Repository/Page_Lead Daniel Levelthree  Salesf/input_sales_tool' is clicked on

2018-07-30 22:03:37 - [TEST_STEP][PASSED] - click: Object: 'Object Repository/Page_Sales Tool  Salesforce - Perfo/input_j_id0frmConditionscmdOrg' is clicked on

2018-07-30 22:03:37 - [MESSAGE][PASSED] - Object: 'Object Repository/Page_Sales Tool  Salesforce - Perfo/input_j_id0frmConditionscmdOrg' is clicked on

2018-07-30 22:03:37 - [TEST_STEP][PASSED] - click: Object: 'Object Repository/Page_Sales Tool  Salesforce - Perfo/button_SELECT DISCOUNT' is clicked on

2018-07-30 22:03:37 - [MESSAGE][PASSED] - Object: 'Object Repository/Page_Sales Tool  Salesforce - Perfo/button_SELECT DISCOUNT' is clicked on

2018-07-30 22:03:37 - [TEST_STEP][FAILED] - click: Unable to click on object 'Object Repository/Page_Sales Tool  Salesforce - Perfo/input_j_id0j_id110j_id111mainF' (Root cause: com.kms.katalon.core.webui.exception.WebElementNotFoundException: Web element with id: 'Object Repository/Page_Sales Tool  Salesforce - Perfo/input_j_id0j_id110j_id111mainF' located by 'By.xpath: //input[@id = 'j_id0:j_id110:j_id111:mainForm:j_id122:0:j_id131:0:cmdProcess' and @name = 'j_id0:j_id110:j_id111:mainForm:j_id122:0:j_id131:0:cmdProcess' and @type = 'submit']' not found)

2018-07-30 22:04:08 - [MESSAGE][FAILED] - Unable to click on object 'Object Repository/Page_Sales Tool  Salesforce - Perfo/input_j_id0j_id110j_id111mainF' (Root cause: com.kms.katalon.core.webui.exception.WebElementNotFoundException: Web element with id: 'Object Repository/Page_Sales Tool  Salesforce - Perfo/input_j_id0j_id110j_id111mainF' located by 'By.xpath: //input[@id = 'j_id0:j_id110:j_id111:mainForm:j_id122:0:j_id131:0:cmdProcess' and @name = 'j_id0:j_id110:j_id111:mainForm:j_id122:0:j_id131:0:cmdProcess' and @type = 'submit']' not found)
[[ATTACHMENT|H:\\OE_user_Activation\\Reports\\TestSuite\\20180730_215954\\1533002648465.png]]]]></system-out>
         <system-err><![CDATA[2018-07-30 22:02:53 - [TEST_CASE][FAILED] - Test Cases/Convert Lead in sf: Test Cases/Convert Lead in sf FAILED because (of) Unable to click on object 'Object Repository/Page_Sales Tool  Salesforce - Perfo/input_j_id0j_id110j_id111mainF' (Root cause: com.kms.katalon.core.webui.exception.WebElementNotFoundException: Web element with id: 'Object Repository/Page_Sales Tool  Salesforce - Perfo/input_j_id0j_id110j_id111mainF' located by 'By.xpath: //input[@id = 'j_id0:j_id110:j_id111:mainForm:j_id122:0:j_id131:0:cmdProcess' and @name = 'j_id0:j_id110:j_id111:mainForm:j_id122:0:j_id131:0:cmdProcess' and @type = 'submit']' not found)]]></system-err>
      </testcase>
      <system-out><![CDATA[2018-07-30 22:00:07 - [TEST_SUITE][FAILED] - TestSuite: Test Cases/Convert Lead in sf FAILED because (of) Unable to click on object 'Object Repository/Page_Lead Daniel Levelthree  Salesf/input_sales_tool' (Root cause: com.kms.katalon.core.webui.exception.WebElementNotFoundException: Web element with id: 'Object Repository/Page_Lead Daniel Levelthree  Salesf/input_sales_tool' located by 'By.xpath: //input[@name = 'sales_tool' and @title = 'Sales Tool' and @type = 'button']' not found)]]></system-out>
      <system-err><![CDATA[2018-07-30 22:00:07 - [TEST_SUITE][FAILED] - TestSuite: Test Cases/Convert Lead in sf FAILED because (of) Unable to click on object 'Object Repository/Page_Lead Daniel Levelthree  Salesf/input_sales_tool' (Root cause: com.kms.katalon.core.webui.exception.WebElementNotFoundException: Web element with id: 'Object Repository/Page_Lead Daniel Levelthree  Salesf/input_sales_tool' located by 'By.xpath: //input[@name = 'sales_tool' and @title = 'Sales Tool' and @type = 'button']' not found)]]></system-err>
   </testsuite>
</testsuites>
