<?xml version="1.0" encoding="UTF-8"?>
<testsuites name="TestSuite" time="139" tests="3" failures="0" errors="0">
   <testsuite name="TestSuite" tests="3" failures="0" errors="0" time="139" timestamp="2018-03-29 00:37:26" hostname="dshiosaky-laptop - 10.2.0.34" id="Test Suites/TestSuite">
      <properties>
         <property name="deviceName" value=""/>
         <property name="devicePlatform" value=""/>
         <property name="logFolder" value="C:\\Users\\dshiosaky-laptop\\Katalon Studio\\OE_user_Activation\\Reports\\TestSuite\\20180329_003723"/>
         <property name="logFiles" value="C:\\Users\\dshiosaky-laptop\\Katalon Studio\\OE_user_Activation\\Reports\\TestSuite\\20180329_003723\\execution0.log"/>
         <property name="attachments" value=""/>
         <property name="hostName" value="dshiosaky-laptop - 10.2.0.34"/>
         <property name="os" value="Windows 10 64bit"/>
         <property name="katalonVersion" value="5.3.1.1"/>
         <property name="browser" value="Chrome 65.0.3325.181"/>
         <property name="hostAddress" value="10.2.0.34"/>
         <property name="sessionId" value="883940ea628f0e53d4f3e5bb50003130"/>
         <property name="seleniumVersion" value="3.7.1"/>
         <property name="proxyInformation" value="ProxyInformation{proxyOption=NO_PROXY, proxyServerType=HTTP, password=, proxyServerAddress=, proxyServerPort=0}"/>
         <property name="platform" value="Windows 10"/>
      </properties>
      <testcase name="Test Cases/LeadCreation" classname="Test Cases/LeadCreation" status="PASSED">
         <system-out><![CDATA[2018-03-29 00:37:27 - [TEST_CASE][PASSED] - Test Cases/LeadCreation: Test Cases/LeadCreation

2018-03-29 00:37:28 - [TEST_STEP][PASSED] - openBrowser: Browser is opened with url: ''

2018-03-29 00:37:31 - [MESSAGE][PASSED] - Browser is opened with url: ''

2018-03-29 00:37:31 - [TEST_STEP][PASSED] - maximizeWindow: Current window maximized

2018-03-29 00:37:32 - [MESSAGE][PASSED] - Current window maximized

2018-03-29 00:37:32 - [TEST_STEP][PASSED] - navigateToUrl: Navigate to 'https://www.stg.openenglish.com/' successfully

2018-03-29 00:37:39 - [MESSAGE][PASSED] - Navigate to 'https://www.stg.openenglish.com/' successfully

2018-03-29 00:37:39 - [TEST_STEP][PASSED] - setText: Text 'Daniel' is set on object 'Object Repository/Page_Open English Sitio Oficial. Cl/input_firstName'

2018-03-29 00:37:40 - [MESSAGE][PASSED] - Text 'Daniel' is set on object 'Object Repository/Page_Open English Sitio Oficial. Cl/input_firstName'

2018-03-29 00:37:40 - [TEST_STEP][PASSED] - setText: Text 'oeautofour' is set on object 'Object Repository/Page_Open English Sitio Oficial. Cl/input_lastName'

2018-03-29 00:37:40 - [MESSAGE][PASSED] - Text 'oeautofour' is set on object 'Object Repository/Page_Open English Sitio Oficial. Cl/input_lastName'

2018-03-29 00:37:40 - [TEST_STEP][PASSED] - setText: Text 'daniel.oeauto+4@mailinator.com' is set on object 'Object Repository/Page_Open English Sitio Oficial. Cl/input_emailAddress'

2018-03-29 00:37:40 - [MESSAGE][PASSED] - Text 'daniel.oeauto+4@mailinator.com' is set on object 'Object Repository/Page_Open English Sitio Oficial. Cl/input_emailAddress'

2018-03-29 00:37:40 - [TEST_STEP][PASSED] - selectOptionByValue: All options with value 'bo' are selected in object 'Object Repository/Page_Open English Sitio Oficial. Cl/select_Pas de residencia Argen'  using regular expression

2018-03-29 00:37:42 - [MESSAGE][PASSED] - All options with value 'bo' are selected in object 'Object Repository/Page_Open English Sitio Oficial. Cl/select_Pas de residencia Argen'  using regular expression

2018-03-29 00:37:42 - [TEST_STEP][PASSED] - selectOptionByValue: All options with value '234' are selected in object 'Object Repository/Page_Open English Sitio Oficial. Cl/select_Regin donde reside Chuq'  using regular expression

2018-03-29 00:37:42 - [MESSAGE][PASSED] - All options with value '234' are selected in object 'Object Repository/Page_Open English Sitio Oficial. Cl/select_Regin donde reside Chuq'  using regular expression

2018-03-29 00:37:42 - [TEST_STEP][PASSED] - click: Object: 'Object Repository/Page_Open English Sitio Oficial. Cl/label_Celular' is clicked on

2018-03-29 00:37:43 - [MESSAGE][PASSED] - Object: 'Object Repository/Page_Open English Sitio Oficial. Cl/label_Celular' is clicked on

2018-03-29 00:37:43 - [TEST_STEP][PASSED] - setText: Text '7' is set on object 'Object Repository/Page_Open English Sitio Oficial. Cl/input_form-control phone-input'

2018-03-29 00:37:43 - [MESSAGE][PASSED] - Text '7' is set on object 'Object Repository/Page_Open English Sitio Oficial. Cl/input_form-control phone-input'

2018-03-29 00:37:43 - [TEST_STEP][PASSED] - setText: Text '372' is set on object 'Object Repository/Page_Open English Sitio Oficial. Cl/input_form-control phone-input_1'

2018-03-29 00:37:43 - [MESSAGE][PASSED] - Text '372' is set on object 'Object Repository/Page_Open English Sitio Oficial. Cl/input_form-control phone-input_1'

2018-03-29 00:37:43 - [TEST_STEP][PASSED] - setText: Text '1111' is set on object 'Object Repository/Page_Open English Sitio Oficial. Cl/input_form-control phone-input_2'

2018-03-29 00:37:43 - [MESSAGE][PASSED] - Text '1111' is set on object 'Object Repository/Page_Open English Sitio Oficial. Cl/input_form-control phone-input_2'

2018-03-29 00:37:43 - [TEST_STEP][PASSED] - click: Object: 'Object Repository/Page_Open English Sitio Oficial. Cl/label_Para m' is clicked on

2018-03-29 00:37:43 - [MESSAGE][PASSED] - Object: 'Object Repository/Page_Open English Sitio Oficial. Cl/label_Para m' is clicked on

2018-03-29 00:37:43 - [TEST_STEP][PASSED] - selectOptionByValue: All options with value '4' are selected in object 'Object Repository/Page_Open English Sitio Oficial. Cl/select_Qu edad tienes 0-7 aos8'  using regular expression

2018-03-29 00:37:44 - [MESSAGE][PASSED] - All options with value '4' are selected in object 'Object Repository/Page_Open English Sitio Oficial. Cl/select_Qu edad tienes 0-7 aos8'  using regular expression

2018-03-29 00:37:44 - [TEST_STEP][PASSED] - click: Object: 'Object Repository/Page_Open English Sitio Oficial. Cl/button_Comienza ahora' is clicked on

2018-03-29 00:37:44 - [MESSAGE][PASSED] - Object: 'Object Repository/Page_Open English Sitio Oficial. Cl/button_Comienza ahora' is clicked on

2018-03-29 00:37:44 - [TEST_STEP][PASSED] - delay: Delayed 30 second(s)

2018-03-29 00:38:14 - [MESSAGE][PASSED] - Delayed 30 second(s)

2018-03-29 00:38:14 - [TEST_STEP][NOT_RUN] - navigateToUrl: NOT_RUN: navigateToUrl

2018-03-29 00:38:14 - [MESSAGE][NOT_RUN] - NOT_RUN: navigateToUrl

2018-03-29 00:38:14 - [TEST_STEP][NOT_RUN] - setText: NOT_RUN: setText

2018-03-29 00:38:14 - [MESSAGE][NOT_RUN] - NOT_RUN: setText

2018-03-29 00:38:14 - [TEST_STEP][NOT_RUN] - setText: NOT_RUN: setText

2018-03-29 00:38:14 - [MESSAGE][NOT_RUN] - NOT_RUN: setText

2018-03-29 00:38:14 - [TEST_STEP][NOT_RUN] - click: NOT_RUN: click

2018-03-29 00:38:14 - [MESSAGE][NOT_RUN] - NOT_RUN: click

2018-03-29 00:38:14 - [TEST_STEP][NOT_RUN] - click: NOT_RUN: click

2018-03-29 00:38:14 - [MESSAGE][NOT_RUN] - NOT_RUN: click

2018-03-29 00:38:14 - [TEST_STEP][NOT_RUN] - setText: NOT_RUN: setText

2018-03-29 00:38:14 - [MESSAGE][NOT_RUN] - NOT_RUN: setText

2018-03-29 00:38:14 - [TEST_STEP][NOT_RUN] - click: NOT_RUN: click

2018-03-29 00:38:14 - [MESSAGE][NOT_RUN] - NOT_RUN: click

2018-03-29 00:38:14 - [TEST_STEP][NOT_RUN] - delay: NOT_RUN: delay

2018-03-29 00:38:14 - [MESSAGE][NOT_RUN] - NOT_RUN: delay

2018-03-29 00:38:14 - [TEST_STEP][NOT_RUN] - click: NOT_RUN: click

2018-03-29 00:38:14 - [MESSAGE][NOT_RUN] - NOT_RUN: click

2018-03-29 00:38:14 - [TEST_STEP][NOT_RUN] - click: NOT_RUN: click

2018-03-29 00:38:14 - [MESSAGE][NOT_RUN] - NOT_RUN: click

2018-03-29 00:38:14 - [TEST_STEP][NOT_RUN] - click: NOT_RUN: click

2018-03-29 00:38:14 - [MESSAGE][NOT_RUN] - NOT_RUN: click

2018-03-29 00:38:14 - [TEST_STEP][NOT_RUN] - click: NOT_RUN: click

2018-03-29 00:38:14 - [MESSAGE][NOT_RUN] - NOT_RUN: click

2018-03-29 00:38:14 - [TEST_STEP][NOT_RUN] - click: NOT_RUN: click

2018-03-29 00:38:14 - [MESSAGE][NOT_RUN] - NOT_RUN: click

2018-03-29 00:38:14 - [TEST_STEP][NOT_RUN] - click: NOT_RUN: click

2018-03-29 00:38:14 - [MESSAGE][NOT_RUN] - NOT_RUN: click

2018-03-29 00:38:14 - [TEST_STEP][NOT_RUN] - click: NOT_RUN: click

2018-03-29 00:38:14 - [MESSAGE][NOT_RUN] - NOT_RUN: click

2018-03-29 00:38:14 - [TEST_STEP][NOT_RUN] - delay: NOT_RUN: delay

2018-03-29 00:38:14 - [MESSAGE][NOT_RUN] - NOT_RUN: delay

2018-03-29 00:38:14 - [TEST_STEP][NOT_RUN] - switchToFrame: NOT_RUN: switchToFrame

2018-03-29 00:38:14 - [MESSAGE][NOT_RUN] - NOT_RUN: switchToFrame

2018-03-29 00:38:14 - [TEST_STEP][NOT_RUN] - delay: NOT_RUN: delay

2018-03-29 00:38:14 - [MESSAGE][NOT_RUN] - NOT_RUN: delay

2018-03-29 00:38:14 - [TEST_STEP][NOT_RUN] - selectOptionByLabel: NOT_RUN: selectOptionByLabel

2018-03-29 00:38:14 - [MESSAGE][NOT_RUN] - NOT_RUN: selectOptionByLabel

2018-03-29 00:38:14 - [TEST_STEP][NOT_RUN] - setText: NOT_RUN: setText

2018-03-29 00:38:14 - [MESSAGE][NOT_RUN] - NOT_RUN: setText

2018-03-29 00:38:14 - [TEST_STEP][NOT_RUN] - setText: NOT_RUN: setText

2018-03-29 00:38:14 - [MESSAGE][NOT_RUN] - NOT_RUN: setText

2018-03-29 00:38:14 - [TEST_STEP][NOT_RUN] - setText: NOT_RUN: setText

2018-03-29 00:38:14 - [MESSAGE][NOT_RUN] - NOT_RUN: setText

2018-03-29 00:38:14 - [TEST_STEP][NOT_RUN] - setText: NOT_RUN: setText

2018-03-29 00:38:14 - [MESSAGE][NOT_RUN] - NOT_RUN: setText

2018-03-29 00:38:14 - [TEST_STEP][NOT_RUN] - setText: NOT_RUN: setText

2018-03-29 00:38:14 - [MESSAGE][NOT_RUN] - NOT_RUN: setText

2018-03-29 00:38:14 - [TEST_STEP][NOT_RUN] - delay: NOT_RUN: delay

2018-03-29 00:38:14 - [MESSAGE][NOT_RUN] - NOT_RUN: delay

2018-03-29 00:38:14 - [TEST_STEP][NOT_RUN] - click: NOT_RUN: click

2018-03-29 00:38:14 - [MESSAGE][NOT_RUN] - NOT_RUN: click

2018-03-29 00:38:14 - [TEST_STEP][NOT_RUN] - click: NOT_RUN: click

2018-03-29 00:38:14 - [MESSAGE][NOT_RUN] - NOT_RUN: click

2018-03-29 00:38:14 - [TEST_STEP][NOT_RUN] - click: NOT_RUN: click

2018-03-29 00:38:14 - [MESSAGE][NOT_RUN] - NOT_RUN: click

2018-03-29 00:38:14 - [TEST_STEP][NOT_RUN] - delay: NOT_RUN: delay

2018-03-29 00:38:14 - [MESSAGE][NOT_RUN] - NOT_RUN: delay

2018-03-29 00:38:14 - [TEST_STEP][NOT_RUN] - verifyTextPresent: NOT_RUN: verifyTextPresent

2018-03-29 00:38:14 - [MESSAGE][NOT_RUN] - NOT_RUN: verifyTextPresent

2018-03-29 00:38:14 - [TEST_STEP][NOT_RUN] - switchToDefaultContent: NOT_RUN: switchToDefaultContent

2018-03-29 00:38:14 - [MESSAGE][NOT_RUN] - NOT_RUN: switchToDefaultContent

2018-03-29 00:38:14 - [TEST_STEP][NOT_RUN] - click: NOT_RUN: click

2018-03-29 00:38:14 - [MESSAGE][NOT_RUN] - NOT_RUN: click

2018-03-29 00:38:14 - [TEST_STEP][NOT_RUN] - delay: NOT_RUN: delay

2018-03-29 00:38:14 - [MESSAGE][NOT_RUN] - NOT_RUN: delay

2018-03-29 00:38:14 - [TEST_STEP][PASSED] - closeBrowser: Browser is closed

2018-03-29 00:38:15 - [MESSAGE][PASSED] - Browser is closed]]></system-out>
         <system-err><![CDATA[]]></system-err>
      </testcase>
      <testcase name="Test Cases/LeadCreation" classname="Test Cases/LeadCreation" status="PASSED">
         <system-out><![CDATA[2018-03-29 00:38:15 - [TEST_CASE][PASSED] - Test Cases/LeadCreation: Test Cases/LeadCreation

2018-03-29 00:38:15 - [TEST_STEP][PASSED] - openBrowser: Browser is opened with url: ''

2018-03-29 00:38:18 - [MESSAGE][PASSED] - Browser is opened with url: ''

2018-03-29 00:38:18 - [TEST_STEP][PASSED] - maximizeWindow: Current window maximized

2018-03-29 00:38:19 - [MESSAGE][PASSED] - Current window maximized

2018-03-29 00:38:19 - [TEST_STEP][PASSED] - navigateToUrl: Navigate to 'https://www.stg.openenglish.com/' successfully

2018-03-29 00:38:24 - [MESSAGE][PASSED] - Navigate to 'https://www.stg.openenglish.com/' successfully

2018-03-29 00:38:24 - [TEST_STEP][PASSED] - setText: Text 'Daniel' is set on object 'Object Repository/Page_Open English Sitio Oficial. Cl/input_firstName'

2018-03-29 00:38:24 - [MESSAGE][PASSED] - Text 'Daniel' is set on object 'Object Repository/Page_Open English Sitio Oficial. Cl/input_firstName'

2018-03-29 00:38:24 - [TEST_STEP][PASSED] - setText: Text 'oeautofive' is set on object 'Object Repository/Page_Open English Sitio Oficial. Cl/input_lastName'

2018-03-29 00:38:24 - [MESSAGE][PASSED] - Text 'oeautofive' is set on object 'Object Repository/Page_Open English Sitio Oficial. Cl/input_lastName'

2018-03-29 00:38:24 - [TEST_STEP][PASSED] - setText: Text 'daniel.oeauto+5@mailinator.com' is set on object 'Object Repository/Page_Open English Sitio Oficial. Cl/input_emailAddress'

2018-03-29 00:38:25 - [MESSAGE][PASSED] - Text 'daniel.oeauto+5@mailinator.com' is set on object 'Object Repository/Page_Open English Sitio Oficial. Cl/input_emailAddress'

2018-03-29 00:38:25 - [TEST_STEP][PASSED] - selectOptionByValue: All options with value 'bo' are selected in object 'Object Repository/Page_Open English Sitio Oficial. Cl/select_Pas de residencia Argen'  using regular expression

2018-03-29 00:38:27 - [MESSAGE][PASSED] - All options with value 'bo' are selected in object 'Object Repository/Page_Open English Sitio Oficial. Cl/select_Pas de residencia Argen'  using regular expression

2018-03-29 00:38:27 - [TEST_STEP][PASSED] - selectOptionByValue: All options with value '103' are selected in object 'Object Repository/Page_Open English Sitio Oficial. Cl/select_Regin donde reside Chuq'  using regular expression

2018-03-29 00:38:27 - [MESSAGE][PASSED] - All options with value '103' are selected in object 'Object Repository/Page_Open English Sitio Oficial. Cl/select_Regin donde reside Chuq'  using regular expression

2018-03-29 00:38:27 - [TEST_STEP][PASSED] - click: Object: 'Object Repository/Page_Open English Sitio Oficial. Cl/label_Celular' is clicked on

2018-03-29 00:38:28 - [MESSAGE][PASSED] - Object: 'Object Repository/Page_Open English Sitio Oficial. Cl/label_Celular' is clicked on

2018-03-29 00:38:28 - [TEST_STEP][PASSED] - setText: Text '7' is set on object 'Object Repository/Page_Open English Sitio Oficial. Cl/input_form-control phone-input'

2018-03-29 00:38:28 - [MESSAGE][PASSED] - Text '7' is set on object 'Object Repository/Page_Open English Sitio Oficial. Cl/input_form-control phone-input'

2018-03-29 00:38:28 - [TEST_STEP][PASSED] - setText: Text '372' is set on object 'Object Repository/Page_Open English Sitio Oficial. Cl/input_form-control phone-input_1'

2018-03-29 00:38:28 - [MESSAGE][PASSED] - Text '372' is set on object 'Object Repository/Page_Open English Sitio Oficial. Cl/input_form-control phone-input_1'

2018-03-29 00:38:28 - [TEST_STEP][PASSED] - setText: Text '2222' is set on object 'Object Repository/Page_Open English Sitio Oficial. Cl/input_form-control phone-input_2'

2018-03-29 00:38:28 - [MESSAGE][PASSED] - Text '2222' is set on object 'Object Repository/Page_Open English Sitio Oficial. Cl/input_form-control phone-input_2'

2018-03-29 00:38:28 - [TEST_STEP][PASSED] - click: Object: 'Object Repository/Page_Open English Sitio Oficial. Cl/label_Para m' is clicked on

2018-03-29 00:38:28 - [MESSAGE][PASSED] - Object: 'Object Repository/Page_Open English Sitio Oficial. Cl/label_Para m' is clicked on

2018-03-29 00:38:28 - [TEST_STEP][PASSED] - selectOptionByValue: All options with value '4' are selected in object 'Object Repository/Page_Open English Sitio Oficial. Cl/select_Qu edad tienes 0-7 aos8'  using regular expression

2018-03-29 00:38:29 - [MESSAGE][PASSED] - All options with value '4' are selected in object 'Object Repository/Page_Open English Sitio Oficial. Cl/select_Qu edad tienes 0-7 aos8'  using regular expression

2018-03-29 00:38:29 - [TEST_STEP][PASSED] - click: Object: 'Object Repository/Page_Open English Sitio Oficial. Cl/button_Comienza ahora' is clicked on

2018-03-29 00:38:29 - [MESSAGE][PASSED] - Object: 'Object Repository/Page_Open English Sitio Oficial. Cl/button_Comienza ahora' is clicked on

2018-03-29 00:38:29 - [TEST_STEP][PASSED] - delay: Delayed 30 second(s)

2018-03-29 00:38:59 - [MESSAGE][PASSED] - Delayed 30 second(s)

2018-03-29 00:38:59 - [TEST_STEP][NOT_RUN] - navigateToUrl: NOT_RUN: navigateToUrl

2018-03-29 00:38:59 - [MESSAGE][NOT_RUN] - NOT_RUN: navigateToUrl

2018-03-29 00:38:59 - [TEST_STEP][NOT_RUN] - setText: NOT_RUN: setText

2018-03-29 00:38:59 - [MESSAGE][NOT_RUN] - NOT_RUN: setText

2018-03-29 00:38:59 - [TEST_STEP][NOT_RUN] - setText: NOT_RUN: setText

2018-03-29 00:38:59 - [MESSAGE][NOT_RUN] - NOT_RUN: setText

2018-03-29 00:38:59 - [TEST_STEP][NOT_RUN] - click: NOT_RUN: click

2018-03-29 00:38:59 - [MESSAGE][NOT_RUN] - NOT_RUN: click

2018-03-29 00:38:59 - [TEST_STEP][NOT_RUN] - click: NOT_RUN: click

2018-03-29 00:38:59 - [MESSAGE][NOT_RUN] - NOT_RUN: click

2018-03-29 00:38:59 - [TEST_STEP][NOT_RUN] - setText: NOT_RUN: setText

2018-03-29 00:38:59 - [MESSAGE][NOT_RUN] - NOT_RUN: setText

2018-03-29 00:38:59 - [TEST_STEP][NOT_RUN] - click: NOT_RUN: click

2018-03-29 00:38:59 - [MESSAGE][NOT_RUN] - NOT_RUN: click

2018-03-29 00:38:59 - [TEST_STEP][NOT_RUN] - delay: NOT_RUN: delay

2018-03-29 00:38:59 - [MESSAGE][NOT_RUN] - NOT_RUN: delay

2018-03-29 00:38:59 - [TEST_STEP][NOT_RUN] - click: NOT_RUN: click

2018-03-29 00:38:59 - [MESSAGE][NOT_RUN] - NOT_RUN: click

2018-03-29 00:38:59 - [TEST_STEP][NOT_RUN] - click: NOT_RUN: click

2018-03-29 00:38:59 - [MESSAGE][NOT_RUN] - NOT_RUN: click

2018-03-29 00:38:59 - [TEST_STEP][NOT_RUN] - click: NOT_RUN: click

2018-03-29 00:38:59 - [MESSAGE][NOT_RUN] - NOT_RUN: click

2018-03-29 00:38:59 - [TEST_STEP][NOT_RUN] - click: NOT_RUN: click

2018-03-29 00:38:59 - [MESSAGE][NOT_RUN] - NOT_RUN: click

2018-03-29 00:38:59 - [TEST_STEP][NOT_RUN] - click: NOT_RUN: click

2018-03-29 00:38:59 - [MESSAGE][NOT_RUN] - NOT_RUN: click

2018-03-29 00:38:59 - [TEST_STEP][NOT_RUN] - click: NOT_RUN: click

2018-03-29 00:38:59 - [MESSAGE][NOT_RUN] - NOT_RUN: click

2018-03-29 00:38:59 - [TEST_STEP][NOT_RUN] - click: NOT_RUN: click

2018-03-29 00:38:59 - [MESSAGE][NOT_RUN] - NOT_RUN: click

2018-03-29 00:38:59 - [TEST_STEP][NOT_RUN] - delay: NOT_RUN: delay

2018-03-29 00:38:59 - [MESSAGE][NOT_RUN] - NOT_RUN: delay

2018-03-29 00:38:59 - [TEST_STEP][NOT_RUN] - switchToFrame: NOT_RUN: switchToFrame

2018-03-29 00:38:59 - [MESSAGE][NOT_RUN] - NOT_RUN: switchToFrame

2018-03-29 00:38:59 - [TEST_STEP][NOT_RUN] - delay: NOT_RUN: delay

2018-03-29 00:38:59 - [MESSAGE][NOT_RUN] - NOT_RUN: delay

2018-03-29 00:38:59 - [TEST_STEP][NOT_RUN] - selectOptionByLabel: NOT_RUN: selectOptionByLabel

2018-03-29 00:38:59 - [MESSAGE][NOT_RUN] - NOT_RUN: selectOptionByLabel

2018-03-29 00:38:59 - [TEST_STEP][NOT_RUN] - setText: NOT_RUN: setText

2018-03-29 00:38:59 - [MESSAGE][NOT_RUN] - NOT_RUN: setText

2018-03-29 00:38:59 - [TEST_STEP][NOT_RUN] - setText: NOT_RUN: setText

2018-03-29 00:38:59 - [MESSAGE][NOT_RUN] - NOT_RUN: setText

2018-03-29 00:38:59 - [TEST_STEP][NOT_RUN] - setText: NOT_RUN: setText

2018-03-29 00:38:59 - [MESSAGE][NOT_RUN] - NOT_RUN: setText

2018-03-29 00:38:59 - [TEST_STEP][NOT_RUN] - setText: NOT_RUN: setText

2018-03-29 00:38:59 - [MESSAGE][NOT_RUN] - NOT_RUN: setText

2018-03-29 00:38:59 - [TEST_STEP][NOT_RUN] - setText: NOT_RUN: setText

2018-03-29 00:38:59 - [MESSAGE][NOT_RUN] - NOT_RUN: setText

2018-03-29 00:38:59 - [TEST_STEP][NOT_RUN] - delay: NOT_RUN: delay

2018-03-29 00:38:59 - [MESSAGE][NOT_RUN] - NOT_RUN: delay

2018-03-29 00:38:59 - [TEST_STEP][NOT_RUN] - click: NOT_RUN: click

2018-03-29 00:38:59 - [MESSAGE][NOT_RUN] - NOT_RUN: click

2018-03-29 00:38:59 - [TEST_STEP][NOT_RUN] - click: NOT_RUN: click

2018-03-29 00:38:59 - [MESSAGE][NOT_RUN] - NOT_RUN: click

2018-03-29 00:38:59 - [TEST_STEP][NOT_RUN] - click: NOT_RUN: click

2018-03-29 00:38:59 - [MESSAGE][NOT_RUN] - NOT_RUN: click

2018-03-29 00:38:59 - [TEST_STEP][NOT_RUN] - delay: NOT_RUN: delay

2018-03-29 00:38:59 - [MESSAGE][NOT_RUN] - NOT_RUN: delay

2018-03-29 00:38:59 - [TEST_STEP][NOT_RUN] - verifyTextPresent: NOT_RUN: verifyTextPresent

2018-03-29 00:38:59 - [MESSAGE][NOT_RUN] - NOT_RUN: verifyTextPresent

2018-03-29 00:38:59 - [TEST_STEP][NOT_RUN] - switchToDefaultContent: NOT_RUN: switchToDefaultContent

2018-03-29 00:38:59 - [MESSAGE][NOT_RUN] - NOT_RUN: switchToDefaultContent

2018-03-29 00:38:59 - [TEST_STEP][NOT_RUN] - click: NOT_RUN: click

2018-03-29 00:38:59 - [MESSAGE][NOT_RUN] - NOT_RUN: click

2018-03-29 00:38:59 - [TEST_STEP][NOT_RUN] - delay: NOT_RUN: delay

2018-03-29 00:38:59 - [MESSAGE][NOT_RUN] - NOT_RUN: delay

2018-03-29 00:38:59 - [TEST_STEP][PASSED] - closeBrowser: Browser is closed

2018-03-29 00:39:00 - [MESSAGE][PASSED] - Browser is closed]]></system-out>
         <system-err><![CDATA[]]></system-err>
      </testcase>
      <testcase name="Test Cases/LeadCreation" classname="Test Cases/LeadCreation" status="PASSED">
         <system-out><![CDATA[2018-03-29 00:39:00 - [TEST_CASE][PASSED] - Test Cases/LeadCreation: Test Cases/LeadCreation

2018-03-29 00:39:00 - [TEST_STEP][PASSED] - openBrowser: Browser is opened with url: ''

2018-03-29 00:39:02 - [MESSAGE][PASSED] - Browser is opened with url: ''

2018-03-29 00:39:02 - [TEST_STEP][PASSED] - maximizeWindow: Current window maximized

2018-03-29 00:39:03 - [MESSAGE][PASSED] - Current window maximized

2018-03-29 00:39:03 - [TEST_STEP][PASSED] - navigateToUrl: Navigate to 'https://www.stg.openenglish.com/' successfully

2018-03-29 00:39:10 - [MESSAGE][PASSED] - Navigate to 'https://www.stg.openenglish.com/' successfully

2018-03-29 00:39:10 - [TEST_STEP][PASSED] - setText: Text 'Daniel' is set on object 'Object Repository/Page_Open English Sitio Oficial. Cl/input_firstName'

2018-03-29 00:39:11 - [MESSAGE][PASSED] - Text 'Daniel' is set on object 'Object Repository/Page_Open English Sitio Oficial. Cl/input_firstName'

2018-03-29 00:39:11 - [TEST_STEP][PASSED] - setText: Text 'oeautosix' is set on object 'Object Repository/Page_Open English Sitio Oficial. Cl/input_lastName'

2018-03-29 00:39:11 - [MESSAGE][PASSED] - Text 'oeautosix' is set on object 'Object Repository/Page_Open English Sitio Oficial. Cl/input_lastName'

2018-03-29 00:39:11 - [TEST_STEP][PASSED] - setText: Text 'daniel.oeauto+6@mailinator.com' is set on object 'Object Repository/Page_Open English Sitio Oficial. Cl/input_emailAddress'

2018-03-29 00:39:11 - [MESSAGE][PASSED] - Text 'daniel.oeauto+6@mailinator.com' is set on object 'Object Repository/Page_Open English Sitio Oficial. Cl/input_emailAddress'

2018-03-29 00:39:11 - [TEST_STEP][PASSED] - selectOptionByValue: All options with value 'bo' are selected in object 'Object Repository/Page_Open English Sitio Oficial. Cl/select_Pas de residencia Argen'  using regular expression

2018-03-29 00:39:13 - [MESSAGE][PASSED] - All options with value 'bo' are selected in object 'Object Repository/Page_Open English Sitio Oficial. Cl/select_Pas de residencia Argen'  using regular expression

2018-03-29 00:39:13 - [TEST_STEP][PASSED] - selectOptionByValue: All options with value '3' are selected in object 'Object Repository/Page_Open English Sitio Oficial. Cl/select_Regin donde reside Chuq'  using regular expression

2018-03-29 00:39:13 - [MESSAGE][PASSED] - All options with value '3' are selected in object 'Object Repository/Page_Open English Sitio Oficial. Cl/select_Regin donde reside Chuq'  using regular expression

2018-03-29 00:39:13 - [TEST_STEP][PASSED] - click: Object: 'Object Repository/Page_Open English Sitio Oficial. Cl/label_Celular' is clicked on

2018-03-29 00:39:14 - [MESSAGE][PASSED] - Object: 'Object Repository/Page_Open English Sitio Oficial. Cl/label_Celular' is clicked on

2018-03-29 00:39:14 - [TEST_STEP][PASSED] - setText: Text '7' is set on object 'Object Repository/Page_Open English Sitio Oficial. Cl/input_form-control phone-input'

2018-03-29 00:39:14 - [MESSAGE][PASSED] - Text '7' is set on object 'Object Repository/Page_Open English Sitio Oficial. Cl/input_form-control phone-input'

2018-03-29 00:39:14 - [TEST_STEP][PASSED] - setText: Text '372' is set on object 'Object Repository/Page_Open English Sitio Oficial. Cl/input_form-control phone-input_1'

2018-03-29 00:39:14 - [MESSAGE][PASSED] - Text '372' is set on object 'Object Repository/Page_Open English Sitio Oficial. Cl/input_form-control phone-input_1'

2018-03-29 00:39:14 - [TEST_STEP][PASSED] - setText: Text '3333' is set on object 'Object Repository/Page_Open English Sitio Oficial. Cl/input_form-control phone-input_2'

2018-03-29 00:39:14 - [MESSAGE][PASSED] - Text '3333' is set on object 'Object Repository/Page_Open English Sitio Oficial. Cl/input_form-control phone-input_2'

2018-03-29 00:39:14 - [TEST_STEP][PASSED] - click: Object: 'Object Repository/Page_Open English Sitio Oficial. Cl/label_Para m' is clicked on

2018-03-29 00:39:14 - [MESSAGE][PASSED] - Object: 'Object Repository/Page_Open English Sitio Oficial. Cl/label_Para m' is clicked on

2018-03-29 00:39:14 - [TEST_STEP][PASSED] - selectOptionByValue: All options with value '4' are selected in object 'Object Repository/Page_Open English Sitio Oficial. Cl/select_Qu edad tienes 0-7 aos8'  using regular expression

2018-03-29 00:39:15 - [MESSAGE][PASSED] - All options with value '4' are selected in object 'Object Repository/Page_Open English Sitio Oficial. Cl/select_Qu edad tienes 0-7 aos8'  using regular expression

2018-03-29 00:39:15 - [TEST_STEP][PASSED] - click: Object: 'Object Repository/Page_Open English Sitio Oficial. Cl/button_Comienza ahora' is clicked on

2018-03-29 00:39:15 - [MESSAGE][PASSED] - Object: 'Object Repository/Page_Open English Sitio Oficial. Cl/button_Comienza ahora' is clicked on

2018-03-29 00:39:15 - [TEST_STEP][PASSED] - delay: Delayed 30 second(s)

2018-03-29 00:39:45 - [MESSAGE][PASSED] - Delayed 30 second(s)

2018-03-29 00:39:45 - [TEST_STEP][NOT_RUN] - navigateToUrl: NOT_RUN: navigateToUrl

2018-03-29 00:39:45 - [MESSAGE][NOT_RUN] - NOT_RUN: navigateToUrl

2018-03-29 00:39:45 - [TEST_STEP][NOT_RUN] - setText: NOT_RUN: setText

2018-03-29 00:39:45 - [MESSAGE][NOT_RUN] - NOT_RUN: setText

2018-03-29 00:39:45 - [TEST_STEP][NOT_RUN] - setText: NOT_RUN: setText

2018-03-29 00:39:45 - [MESSAGE][NOT_RUN] - NOT_RUN: setText

2018-03-29 00:39:45 - [TEST_STEP][NOT_RUN] - click: NOT_RUN: click

2018-03-29 00:39:45 - [MESSAGE][NOT_RUN] - NOT_RUN: click

2018-03-29 00:39:45 - [TEST_STEP][NOT_RUN] - click: NOT_RUN: click

2018-03-29 00:39:45 - [MESSAGE][NOT_RUN] - NOT_RUN: click

2018-03-29 00:39:45 - [TEST_STEP][NOT_RUN] - setText: NOT_RUN: setText

2018-03-29 00:39:45 - [MESSAGE][NOT_RUN] - NOT_RUN: setText

2018-03-29 00:39:45 - [TEST_STEP][NOT_RUN] - click: NOT_RUN: click

2018-03-29 00:39:45 - [MESSAGE][NOT_RUN] - NOT_RUN: click

2018-03-29 00:39:45 - [TEST_STEP][NOT_RUN] - delay: NOT_RUN: delay

2018-03-29 00:39:45 - [MESSAGE][NOT_RUN] - NOT_RUN: delay

2018-03-29 00:39:45 - [TEST_STEP][NOT_RUN] - click: NOT_RUN: click

2018-03-29 00:39:45 - [MESSAGE][NOT_RUN] - NOT_RUN: click

2018-03-29 00:39:45 - [TEST_STEP][NOT_RUN] - click: NOT_RUN: click

2018-03-29 00:39:45 - [MESSAGE][NOT_RUN] - NOT_RUN: click

2018-03-29 00:39:45 - [TEST_STEP][NOT_RUN] - click: NOT_RUN: click

2018-03-29 00:39:45 - [MESSAGE][NOT_RUN] - NOT_RUN: click

2018-03-29 00:39:45 - [TEST_STEP][NOT_RUN] - click: NOT_RUN: click

2018-03-29 00:39:45 - [MESSAGE][NOT_RUN] - NOT_RUN: click

2018-03-29 00:39:45 - [TEST_STEP][NOT_RUN] - click: NOT_RUN: click

2018-03-29 00:39:45 - [MESSAGE][NOT_RUN] - NOT_RUN: click

2018-03-29 00:39:45 - [TEST_STEP][NOT_RUN] - click: NOT_RUN: click

2018-03-29 00:39:45 - [MESSAGE][NOT_RUN] - NOT_RUN: click

2018-03-29 00:39:45 - [TEST_STEP][NOT_RUN] - click: NOT_RUN: click

2018-03-29 00:39:45 - [MESSAGE][NOT_RUN] - NOT_RUN: click

2018-03-29 00:39:45 - [TEST_STEP][NOT_RUN] - delay: NOT_RUN: delay

2018-03-29 00:39:45 - [MESSAGE][NOT_RUN] - NOT_RUN: delay

2018-03-29 00:39:45 - [TEST_STEP][NOT_RUN] - switchToFrame: NOT_RUN: switchToFrame

2018-03-29 00:39:45 - [MESSAGE][NOT_RUN] - NOT_RUN: switchToFrame

2018-03-29 00:39:45 - [TEST_STEP][NOT_RUN] - delay: NOT_RUN: delay

2018-03-29 00:39:45 - [MESSAGE][NOT_RUN] - NOT_RUN: delay

2018-03-29 00:39:45 - [TEST_STEP][NOT_RUN] - selectOptionByLabel: NOT_RUN: selectOptionByLabel

2018-03-29 00:39:45 - [MESSAGE][NOT_RUN] - NOT_RUN: selectOptionByLabel

2018-03-29 00:39:45 - [TEST_STEP][NOT_RUN] - setText: NOT_RUN: setText

2018-03-29 00:39:45 - [MESSAGE][NOT_RUN] - NOT_RUN: setText

2018-03-29 00:39:45 - [TEST_STEP][NOT_RUN] - setText: NOT_RUN: setText

2018-03-29 00:39:45 - [MESSAGE][NOT_RUN] - NOT_RUN: setText

2018-03-29 00:39:45 - [TEST_STEP][NOT_RUN] - setText: NOT_RUN: setText

2018-03-29 00:39:45 - [MESSAGE][NOT_RUN] - NOT_RUN: setText

2018-03-29 00:39:45 - [TEST_STEP][NOT_RUN] - setText: NOT_RUN: setText

2018-03-29 00:39:45 - [MESSAGE][NOT_RUN] - NOT_RUN: setText

2018-03-29 00:39:45 - [TEST_STEP][NOT_RUN] - setText: NOT_RUN: setText

2018-03-29 00:39:45 - [MESSAGE][NOT_RUN] - NOT_RUN: setText

2018-03-29 00:39:45 - [TEST_STEP][NOT_RUN] - delay: NOT_RUN: delay

2018-03-29 00:39:45 - [MESSAGE][NOT_RUN] - NOT_RUN: delay

2018-03-29 00:39:45 - [TEST_STEP][NOT_RUN] - click: NOT_RUN: click

2018-03-29 00:39:45 - [MESSAGE][NOT_RUN] - NOT_RUN: click

2018-03-29 00:39:45 - [TEST_STEP][NOT_RUN] - click: NOT_RUN: click

2018-03-29 00:39:45 - [MESSAGE][NOT_RUN] - NOT_RUN: click

2018-03-29 00:39:45 - [TEST_STEP][NOT_RUN] - click: NOT_RUN: click

2018-03-29 00:39:45 - [MESSAGE][NOT_RUN] - NOT_RUN: click

2018-03-29 00:39:45 - [TEST_STEP][NOT_RUN] - delay: NOT_RUN: delay

2018-03-29 00:39:45 - [MESSAGE][NOT_RUN] - NOT_RUN: delay

2018-03-29 00:39:45 - [TEST_STEP][NOT_RUN] - verifyTextPresent: NOT_RUN: verifyTextPresent

2018-03-29 00:39:45 - [MESSAGE][NOT_RUN] - NOT_RUN: verifyTextPresent

2018-03-29 00:39:45 - [TEST_STEP][NOT_RUN] - switchToDefaultContent: NOT_RUN: switchToDefaultContent

2018-03-29 00:39:45 - [MESSAGE][NOT_RUN] - NOT_RUN: switchToDefaultContent

2018-03-29 00:39:45 - [TEST_STEP][NOT_RUN] - click: NOT_RUN: click

2018-03-29 00:39:45 - [MESSAGE][NOT_RUN] - NOT_RUN: click

2018-03-29 00:39:45 - [TEST_STEP][NOT_RUN] - delay: NOT_RUN: delay

2018-03-29 00:39:45 - [MESSAGE][NOT_RUN] - NOT_RUN: delay

2018-03-29 00:39:45 - [TEST_STEP][PASSED] - closeBrowser: Browser is closed

2018-03-29 00:39:46 - [MESSAGE][PASSED] - Browser is closed]]></system-out>
         <system-err><![CDATA[]]></system-err>
      </testcase>
      <system-out><![CDATA[2018-03-29 00:37:26 - [TEST_SUITE][PASSED] - TestSuite: Test Cases/LeadCreation]]></system-out>
      <system-err><![CDATA[]]></system-err>
   </testsuite>
</testsuites>
