<?xml version="1.0" encoding="UTF-8"?>
<testsuites name="TestSuite" time="152" tests="3" failures="0" errors="0">
   <testsuite name="TestSuite" tests="3" failures="0" errors="0" time="152" timestamp="2018-07-29 19:03:58" hostname="dshiosaky - dshiosaky-LTP" id="Test Suites/TestSuite">
      <properties>
         <property name="deviceName" value=""/>
         <property name="devicePlatform" value=""/>
         <property name="logFolder" value="H:\\OE_user_Activation\\Reports\\TestSuite\\20180729_190350"/>
         <property name="logFiles" value="H:\\OE_user_Activation\\Reports\\TestSuite\\20180729_190350\\execution0.log"/>
         <property name="attachments" value=""/>
         <property name="hostName" value="dshiosaky - dshiosaky-LTP"/>
         <property name="os" value="Windows 10 64bit"/>
         <property name="katalonVersion" value="5.5.0.1"/>
         <property name="browser" value="Chrome 67.0.3396.99"/>
         <property name="hostAddress" value="192.168.11.1"/>
         <property name="sessionId" value="b1c4228a291931e702cc0c6c7038e365"/>
         <property name="seleniumVersion" value="3.7.1"/>
         <property name="proxyInformation" value="ProxyInformation{proxyOption=NO_PROXY, proxyServerType=HTTP, password=, proxyServerAddress=, proxyServerPort=0}"/>
         <property name="platform" value="Windows 10"/>
      </properties>
      <testcase name="Test Cases/LeadCreation" classname="Test Cases/LeadCreation" status="PASSED">
         <system-out><![CDATA[2018-07-29 19:03:59 - [TEST_CASE][PASSED] - Test Cases/LeadCreation: Test Cases/LeadCreation

2018-07-29 19:04:00 - [TEST_STEP][PASSED] - openBrowser: Browser is opened with url: ''

2018-07-29 19:04:05 - [MESSAGE][PASSED] - Browser is opened with url: ''

2018-07-29 19:04:05 - [TEST_STEP][PASSED] - maximizeWindow: Current window maximized

2018-07-29 19:04:06 - [MESSAGE][PASSED] - Current window maximized

2018-07-29 19:04:06 - [TEST_STEP][PASSED] - navigateToUrl: Navigate to 'https://www.stg.openenglish.com/' successfully

2018-07-29 19:04:13 - [MESSAGE][PASSED] - Navigate to 'https://www.stg.openenglish.com/' successfully

2018-07-29 19:04:13 - [TEST_STEP][PASSED] - setText: Text 'Daniel' is set on object 'Object Repository/Page_Open English Sitio Oficial. Cl/input_firstName'

2018-07-29 19:04:14 - [MESSAGE][PASSED] - Text 'Daniel' is set on object 'Object Repository/Page_Open English Sitio Oficial. Cl/input_firstName'

2018-07-29 19:04:14 - [TEST_STEP][PASSED] - setText: Text 'pctrackerone' is set on object 'Object Repository/Page_Open English Sitio Oficial. Cl/input_lastName'

2018-07-29 19:04:14 - [MESSAGE][PASSED] - Text 'pctrackerone' is set on object 'Object Repository/Page_Open English Sitio Oficial. Cl/input_lastName'

2018-07-29 19:04:14 - [TEST_STEP][PASSED] - setText: Text 'daniel.pctracker1@mailinator.com' is set on object 'Object Repository/Page_Open English Sitio Oficial. Cl/input_emailAddress'

2018-07-29 19:04:15 - [MESSAGE][PASSED] - Text 'daniel.pctracker1@mailinator.com' is set on object 'Object Repository/Page_Open English Sitio Oficial. Cl/input_emailAddress'

2018-07-29 19:04:15 - [TEST_STEP][PASSED] - selectOptionByValue: All options with value 'bo' are selected in object 'Object Repository/Page_Open English Sitio Oficial. Cl/select_Pas de residencia Argen'  using regular expression

2018-07-29 19:04:17 - [MESSAGE][PASSED] - All options with value 'bo' are selected in object 'Object Repository/Page_Open English Sitio Oficial. Cl/select_Pas de residencia Argen'  using regular expression

2018-07-29 19:04:17 - [TEST_STEP][PASSED] - selectOptionByValue: All options with value '234' are selected in object 'Object Repository/Page_Open English Sitio Oficial. Cl/select_Regin donde reside Chuq'  using regular expression

2018-07-29 19:04:18 - [MESSAGE][PASSED] - All options with value '234' are selected in object 'Object Repository/Page_Open English Sitio Oficial. Cl/select_Regin donde reside Chuq'  using regular expression

2018-07-29 19:04:18 - [TEST_STEP][PASSED] - click: Object: 'Object Repository/Page_Open English Sitio Oficial. Cl/label_Celular' is clicked on

2018-07-29 19:04:19 - [MESSAGE][PASSED] - Object: 'Object Repository/Page_Open English Sitio Oficial. Cl/label_Celular' is clicked on

2018-07-29 19:04:19 - [TEST_STEP][PASSED] - setText: Text '7' is set on object 'Object Repository/Page_Open English Sitio Oficial. Cl/input_form-control phone-input'

2018-07-29 19:04:19 - [MESSAGE][PASSED] - Text '7' is set on object 'Object Repository/Page_Open English Sitio Oficial. Cl/input_form-control phone-input'

2018-07-29 19:04:19 - [TEST_STEP][PASSED] - setText: Text '372' is set on object 'Object Repository/Page_Open English Sitio Oficial. Cl/input_form-control phone-input_1'

2018-07-29 19:04:19 - [MESSAGE][PASSED] - Text '372' is set on object 'Object Repository/Page_Open English Sitio Oficial. Cl/input_form-control phone-input_1'

2018-07-29 19:04:19 - [TEST_STEP][PASSED] - setText: Text '1111' is set on object 'Object Repository/Page_Open English Sitio Oficial. Cl/input_form-control phone-input_2'

2018-07-29 19:04:19 - [MESSAGE][PASSED] - Text '1111' is set on object 'Object Repository/Page_Open English Sitio Oficial. Cl/input_form-control phone-input_2'

2018-07-29 19:04:19 - [TEST_STEP][PASSED] - click: Object: 'Object Repository/Page_Open English Sitio Oficial. Cl/label_Para m' is clicked on

2018-07-29 19:04:19 - [MESSAGE][PASSED] - Object: 'Object Repository/Page_Open English Sitio Oficial. Cl/label_Para m' is clicked on

2018-07-29 19:04:19 - [TEST_STEP][PASSED] - selectOptionByValue: All options with value '4' are selected in object 'Object Repository/Page_Open English Sitio Oficial. Cl/select_Qu edad tienes 0-7 aos8'  using regular expression

2018-07-29 19:04:20 - [MESSAGE][PASSED] - All options with value '4' are selected in object 'Object Repository/Page_Open English Sitio Oficial. Cl/select_Qu edad tienes 0-7 aos8'  using regular expression

2018-07-29 19:04:20 - [TEST_STEP][PASSED] - click: Object: 'Object Repository/Page_Open English Sitio Oficial. Cl/button_Comienza ahora' is clicked on

2018-07-29 19:04:20 - [MESSAGE][PASSED] - Object: 'Object Repository/Page_Open English Sitio Oficial. Cl/button_Comienza ahora' is clicked on

2018-07-29 19:04:20 - [TEST_STEP][PASSED] - delay: Delayed 30 second(s)

2018-07-29 19:04:50 - [MESSAGE][PASSED] - Delayed 30 second(s)

2018-07-29 19:04:50 - [TEST_STEP][NOT_RUN] - navigateToUrl: NOT_RUN: navigateToUrl

2018-07-29 19:04:50 - [MESSAGE][NOT_RUN] - NOT_RUN: navigateToUrl

2018-07-29 19:04:50 - [TEST_STEP][NOT_RUN] - setText: NOT_RUN: setText

2018-07-29 19:04:50 - [MESSAGE][NOT_RUN] - NOT_RUN: setText

2018-07-29 19:04:50 - [TEST_STEP][NOT_RUN] - setText: NOT_RUN: setText

2018-07-29 19:04:50 - [MESSAGE][NOT_RUN] - NOT_RUN: setText

2018-07-29 19:04:50 - [TEST_STEP][NOT_RUN] - click: NOT_RUN: click

2018-07-29 19:04:50 - [MESSAGE][NOT_RUN] - NOT_RUN: click

2018-07-29 19:04:50 - [TEST_STEP][NOT_RUN] - click: NOT_RUN: click

2018-07-29 19:04:50 - [MESSAGE][NOT_RUN] - NOT_RUN: click

2018-07-29 19:04:50 - [TEST_STEP][NOT_RUN] - setText: NOT_RUN: setText

2018-07-29 19:04:50 - [MESSAGE][NOT_RUN] - NOT_RUN: setText

2018-07-29 19:04:50 - [TEST_STEP][NOT_RUN] - click: NOT_RUN: click

2018-07-29 19:04:50 - [MESSAGE][NOT_RUN] - NOT_RUN: click

2018-07-29 19:04:50 - [TEST_STEP][NOT_RUN] - delay: NOT_RUN: delay

2018-07-29 19:04:50 - [MESSAGE][NOT_RUN] - NOT_RUN: delay

2018-07-29 19:04:50 - [TEST_STEP][NOT_RUN] - click: NOT_RUN: click

2018-07-29 19:04:50 - [MESSAGE][NOT_RUN] - NOT_RUN: click

2018-07-29 19:04:50 - [TEST_STEP][NOT_RUN] - click: NOT_RUN: click

2018-07-29 19:04:50 - [MESSAGE][NOT_RUN] - NOT_RUN: click

2018-07-29 19:04:50 - [TEST_STEP][NOT_RUN] - click: NOT_RUN: click

2018-07-29 19:04:50 - [MESSAGE][NOT_RUN] - NOT_RUN: click

2018-07-29 19:04:50 - [TEST_STEP][NOT_RUN] - click: NOT_RUN: click

2018-07-29 19:04:50 - [MESSAGE][NOT_RUN] - NOT_RUN: click

2018-07-29 19:04:50 - [TEST_STEP][NOT_RUN] - click: NOT_RUN: click

2018-07-29 19:04:50 - [MESSAGE][NOT_RUN] - NOT_RUN: click

2018-07-29 19:04:50 - [TEST_STEP][NOT_RUN] - click: NOT_RUN: click

2018-07-29 19:04:50 - [MESSAGE][NOT_RUN] - NOT_RUN: click

2018-07-29 19:04:50 - [TEST_STEP][NOT_RUN] - click: NOT_RUN: click

2018-07-29 19:04:50 - [MESSAGE][NOT_RUN] - NOT_RUN: click

2018-07-29 19:04:50 - [TEST_STEP][NOT_RUN] - delay: NOT_RUN: delay

2018-07-29 19:04:50 - [MESSAGE][NOT_RUN] - NOT_RUN: delay

2018-07-29 19:04:50 - [TEST_STEP][NOT_RUN] - switchToFrame: NOT_RUN: switchToFrame

2018-07-29 19:04:50 - [MESSAGE][NOT_RUN] - NOT_RUN: switchToFrame

2018-07-29 19:04:50 - [TEST_STEP][NOT_RUN] - delay: NOT_RUN: delay

2018-07-29 19:04:50 - [MESSAGE][NOT_RUN] - NOT_RUN: delay

2018-07-29 19:04:50 - [TEST_STEP][NOT_RUN] - selectOptionByLabel: NOT_RUN: selectOptionByLabel

2018-07-29 19:04:50 - [MESSAGE][NOT_RUN] - NOT_RUN: selectOptionByLabel

2018-07-29 19:04:50 - [TEST_STEP][NOT_RUN] - setText: NOT_RUN: setText

2018-07-29 19:04:50 - [MESSAGE][NOT_RUN] - NOT_RUN: setText

2018-07-29 19:04:50 - [TEST_STEP][NOT_RUN] - setText: NOT_RUN: setText

2018-07-29 19:04:50 - [MESSAGE][NOT_RUN] - NOT_RUN: setText

2018-07-29 19:04:50 - [TEST_STEP][NOT_RUN] - setText: NOT_RUN: setText

2018-07-29 19:04:50 - [MESSAGE][NOT_RUN] - NOT_RUN: setText

2018-07-29 19:04:50 - [TEST_STEP][NOT_RUN] - setText: NOT_RUN: setText

2018-07-29 19:04:50 - [MESSAGE][NOT_RUN] - NOT_RUN: setText

2018-07-29 19:04:50 - [TEST_STEP][NOT_RUN] - setText: NOT_RUN: setText

2018-07-29 19:04:50 - [MESSAGE][NOT_RUN] - NOT_RUN: setText

2018-07-29 19:04:50 - [TEST_STEP][NOT_RUN] - delay: NOT_RUN: delay

2018-07-29 19:04:50 - [MESSAGE][NOT_RUN] - NOT_RUN: delay

2018-07-29 19:04:50 - [TEST_STEP][NOT_RUN] - click: NOT_RUN: click

2018-07-29 19:04:50 - [MESSAGE][NOT_RUN] - NOT_RUN: click

2018-07-29 19:04:50 - [TEST_STEP][NOT_RUN] - click: NOT_RUN: click

2018-07-29 19:04:50 - [MESSAGE][NOT_RUN] - NOT_RUN: click

2018-07-29 19:04:50 - [TEST_STEP][NOT_RUN] - click: NOT_RUN: click

2018-07-29 19:04:50 - [MESSAGE][NOT_RUN] - NOT_RUN: click

2018-07-29 19:04:50 - [TEST_STEP][NOT_RUN] - delay: NOT_RUN: delay

2018-07-29 19:04:50 - [MESSAGE][NOT_RUN] - NOT_RUN: delay

2018-07-29 19:04:50 - [TEST_STEP][NOT_RUN] - verifyTextPresent: NOT_RUN: verifyTextPresent

2018-07-29 19:04:50 - [MESSAGE][NOT_RUN] - NOT_RUN: verifyTextPresent

2018-07-29 19:04:50 - [TEST_STEP][NOT_RUN] - switchToDefaultContent: NOT_RUN: switchToDefaultContent

2018-07-29 19:04:50 - [MESSAGE][NOT_RUN] - NOT_RUN: switchToDefaultContent

2018-07-29 19:04:50 - [TEST_STEP][NOT_RUN] - click: NOT_RUN: click

2018-07-29 19:04:50 - [MESSAGE][NOT_RUN] - NOT_RUN: click

2018-07-29 19:04:50 - [TEST_STEP][NOT_RUN] - delay: NOT_RUN: delay

2018-07-29 19:04:50 - [MESSAGE][NOT_RUN] - NOT_RUN: delay

2018-07-29 19:04:50 - [TEST_STEP][PASSED] - closeBrowser: Browser is closed

2018-07-29 19:04:51 - [MESSAGE][PASSED] - Browser is closed]]></system-out>
         <system-err><![CDATA[]]></system-err>
      </testcase>
      <testcase name="Test Cases/LeadCreation" classname="Test Cases/LeadCreation" status="PASSED">
         <system-out><![CDATA[2018-07-29 19:04:51 - [TEST_CASE][PASSED] - Test Cases/LeadCreation: Test Cases/LeadCreation

2018-07-29 19:04:51 - [TEST_STEP][PASSED] - openBrowser: Browser is opened with url: ''

2018-07-29 19:04:54 - [MESSAGE][PASSED] - Browser is opened with url: ''

2018-07-29 19:04:54 - [TEST_STEP][PASSED] - maximizeWindow: Current window maximized

2018-07-29 19:04:55 - [MESSAGE][PASSED] - Current window maximized

2018-07-29 19:04:55 - [TEST_STEP][PASSED] - navigateToUrl: Navigate to 'https://www.stg.openenglish.com/' successfully

2018-07-29 19:05:03 - [MESSAGE][PASSED] - Navigate to 'https://www.stg.openenglish.com/' successfully

2018-07-29 19:05:03 - [TEST_STEP][PASSED] - setText: Text 'Daniel' is set on object 'Object Repository/Page_Open English Sitio Oficial. Cl/input_firstName'

2018-07-29 19:05:04 - [MESSAGE][PASSED] - Text 'Daniel' is set on object 'Object Repository/Page_Open English Sitio Oficial. Cl/input_firstName'

2018-07-29 19:05:04 - [TEST_STEP][PASSED] - setText: Text 'pctrackertwo' is set on object 'Object Repository/Page_Open English Sitio Oficial. Cl/input_lastName'

2018-07-29 19:05:04 - [MESSAGE][PASSED] - Text 'pctrackertwo' is set on object 'Object Repository/Page_Open English Sitio Oficial. Cl/input_lastName'

2018-07-29 19:05:04 - [TEST_STEP][PASSED] - setText: Text 'daniel.pctracker2@mailinator.com' is set on object 'Object Repository/Page_Open English Sitio Oficial. Cl/input_emailAddress'

2018-07-29 19:05:05 - [MESSAGE][PASSED] - Text 'daniel.pctracker2@mailinator.com' is set on object 'Object Repository/Page_Open English Sitio Oficial. Cl/input_emailAddress'

2018-07-29 19:05:05 - [TEST_STEP][PASSED] - selectOptionByValue: All options with value 'bo' are selected in object 'Object Repository/Page_Open English Sitio Oficial. Cl/select_Pas de residencia Argen'  using regular expression

2018-07-29 19:05:07 - [MESSAGE][PASSED] - All options with value 'bo' are selected in object 'Object Repository/Page_Open English Sitio Oficial. Cl/select_Pas de residencia Argen'  using regular expression

2018-07-29 19:05:07 - [TEST_STEP][PASSED] - selectOptionByValue: All options with value '103' are selected in object 'Object Repository/Page_Open English Sitio Oficial. Cl/select_Regin donde reside Chuq'  using regular expression

2018-07-29 19:05:08 - [MESSAGE][PASSED] - All options with value '103' are selected in object 'Object Repository/Page_Open English Sitio Oficial. Cl/select_Regin donde reside Chuq'  using regular expression

2018-07-29 19:05:08 - [TEST_STEP][PASSED] - click: Object: 'Object Repository/Page_Open English Sitio Oficial. Cl/label_Celular' is clicked on

2018-07-29 19:05:08 - [MESSAGE][PASSED] - Object: 'Object Repository/Page_Open English Sitio Oficial. Cl/label_Celular' is clicked on

2018-07-29 19:05:08 - [TEST_STEP][PASSED] - setText: Text '7' is set on object 'Object Repository/Page_Open English Sitio Oficial. Cl/input_form-control phone-input'

2018-07-29 19:05:08 - [MESSAGE][PASSED] - Text '7' is set on object 'Object Repository/Page_Open English Sitio Oficial. Cl/input_form-control phone-input'

2018-07-29 19:05:08 - [TEST_STEP][PASSED] - setText: Text '372' is set on object 'Object Repository/Page_Open English Sitio Oficial. Cl/input_form-control phone-input_1'

2018-07-29 19:05:09 - [MESSAGE][PASSED] - Text '372' is set on object 'Object Repository/Page_Open English Sitio Oficial. Cl/input_form-control phone-input_1'

2018-07-29 19:05:09 - [TEST_STEP][PASSED] - setText: Text '2222' is set on object 'Object Repository/Page_Open English Sitio Oficial. Cl/input_form-control phone-input_2'

2018-07-29 19:05:09 - [MESSAGE][PASSED] - Text '2222' is set on object 'Object Repository/Page_Open English Sitio Oficial. Cl/input_form-control phone-input_2'

2018-07-29 19:05:09 - [TEST_STEP][PASSED] - click: Object: 'Object Repository/Page_Open English Sitio Oficial. Cl/label_Para m' is clicked on

2018-07-29 19:05:09 - [MESSAGE][PASSED] - Object: 'Object Repository/Page_Open English Sitio Oficial. Cl/label_Para m' is clicked on

2018-07-29 19:05:09 - [TEST_STEP][PASSED] - selectOptionByValue: All options with value '4' are selected in object 'Object Repository/Page_Open English Sitio Oficial. Cl/select_Qu edad tienes 0-7 aos8'  using regular expression

2018-07-29 19:05:10 - [MESSAGE][PASSED] - All options with value '4' are selected in object 'Object Repository/Page_Open English Sitio Oficial. Cl/select_Qu edad tienes 0-7 aos8'  using regular expression

2018-07-29 19:05:10 - [TEST_STEP][PASSED] - click: Object: 'Object Repository/Page_Open English Sitio Oficial. Cl/button_Comienza ahora' is clicked on

2018-07-29 19:05:10 - [MESSAGE][PASSED] - Object: 'Object Repository/Page_Open English Sitio Oficial. Cl/button_Comienza ahora' is clicked on

2018-07-29 19:05:10 - [TEST_STEP][PASSED] - delay: Delayed 30 second(s)

2018-07-29 19:05:40 - [MESSAGE][PASSED] - Delayed 30 second(s)

2018-07-29 19:05:40 - [TEST_STEP][NOT_RUN] - navigateToUrl: NOT_RUN: navigateToUrl

2018-07-29 19:05:40 - [MESSAGE][NOT_RUN] - NOT_RUN: navigateToUrl

2018-07-29 19:05:40 - [TEST_STEP][NOT_RUN] - setText: NOT_RUN: setText

2018-07-29 19:05:40 - [MESSAGE][NOT_RUN] - NOT_RUN: setText

2018-07-29 19:05:40 - [TEST_STEP][NOT_RUN] - setText: NOT_RUN: setText

2018-07-29 19:05:40 - [MESSAGE][NOT_RUN] - NOT_RUN: setText

2018-07-29 19:05:40 - [TEST_STEP][NOT_RUN] - click: NOT_RUN: click

2018-07-29 19:05:40 - [MESSAGE][NOT_RUN] - NOT_RUN: click

2018-07-29 19:05:40 - [TEST_STEP][NOT_RUN] - click: NOT_RUN: click

2018-07-29 19:05:40 - [MESSAGE][NOT_RUN] - NOT_RUN: click

2018-07-29 19:05:40 - [TEST_STEP][NOT_RUN] - setText: NOT_RUN: setText

2018-07-29 19:05:40 - [MESSAGE][NOT_RUN] - NOT_RUN: setText

2018-07-29 19:05:40 - [TEST_STEP][NOT_RUN] - click: NOT_RUN: click

2018-07-29 19:05:40 - [MESSAGE][NOT_RUN] - NOT_RUN: click

2018-07-29 19:05:40 - [TEST_STEP][NOT_RUN] - delay: NOT_RUN: delay

2018-07-29 19:05:40 - [MESSAGE][NOT_RUN] - NOT_RUN: delay

2018-07-29 19:05:40 - [TEST_STEP][NOT_RUN] - click: NOT_RUN: click

2018-07-29 19:05:40 - [MESSAGE][NOT_RUN] - NOT_RUN: click

2018-07-29 19:05:40 - [TEST_STEP][NOT_RUN] - click: NOT_RUN: click

2018-07-29 19:05:40 - [MESSAGE][NOT_RUN] - NOT_RUN: click

2018-07-29 19:05:40 - [TEST_STEP][NOT_RUN] - click: NOT_RUN: click

2018-07-29 19:05:40 - [MESSAGE][NOT_RUN] - NOT_RUN: click

2018-07-29 19:05:40 - [TEST_STEP][NOT_RUN] - click: NOT_RUN: click

2018-07-29 19:05:40 - [MESSAGE][NOT_RUN] - NOT_RUN: click

2018-07-29 19:05:40 - [TEST_STEP][NOT_RUN] - click: NOT_RUN: click

2018-07-29 19:05:40 - [MESSAGE][NOT_RUN] - NOT_RUN: click

2018-07-29 19:05:40 - [TEST_STEP][NOT_RUN] - click: NOT_RUN: click

2018-07-29 19:05:40 - [MESSAGE][NOT_RUN] - NOT_RUN: click

2018-07-29 19:05:40 - [TEST_STEP][NOT_RUN] - click: NOT_RUN: click

2018-07-29 19:05:40 - [MESSAGE][NOT_RUN] - NOT_RUN: click

2018-07-29 19:05:40 - [TEST_STEP][NOT_RUN] - delay: NOT_RUN: delay

2018-07-29 19:05:40 - [MESSAGE][NOT_RUN] - NOT_RUN: delay

2018-07-29 19:05:40 - [TEST_STEP][NOT_RUN] - switchToFrame: NOT_RUN: switchToFrame

2018-07-29 19:05:40 - [MESSAGE][NOT_RUN] - NOT_RUN: switchToFrame

2018-07-29 19:05:40 - [TEST_STEP][NOT_RUN] - delay: NOT_RUN: delay

2018-07-29 19:05:40 - [MESSAGE][NOT_RUN] - NOT_RUN: delay

2018-07-29 19:05:40 - [TEST_STEP][NOT_RUN] - selectOptionByLabel: NOT_RUN: selectOptionByLabel

2018-07-29 19:05:40 - [MESSAGE][NOT_RUN] - NOT_RUN: selectOptionByLabel

2018-07-29 19:05:40 - [TEST_STEP][NOT_RUN] - setText: NOT_RUN: setText

2018-07-29 19:05:40 - [MESSAGE][NOT_RUN] - NOT_RUN: setText

2018-07-29 19:05:40 - [TEST_STEP][NOT_RUN] - setText: NOT_RUN: setText

2018-07-29 19:05:40 - [MESSAGE][NOT_RUN] - NOT_RUN: setText

2018-07-29 19:05:40 - [TEST_STEP][NOT_RUN] - setText: NOT_RUN: setText

2018-07-29 19:05:40 - [MESSAGE][NOT_RUN] - NOT_RUN: setText

2018-07-29 19:05:40 - [TEST_STEP][NOT_RUN] - setText: NOT_RUN: setText

2018-07-29 19:05:40 - [MESSAGE][NOT_RUN] - NOT_RUN: setText

2018-07-29 19:05:40 - [TEST_STEP][NOT_RUN] - setText: NOT_RUN: setText

2018-07-29 19:05:40 - [MESSAGE][NOT_RUN] - NOT_RUN: setText

2018-07-29 19:05:40 - [TEST_STEP][NOT_RUN] - delay: NOT_RUN: delay

2018-07-29 19:05:40 - [MESSAGE][NOT_RUN] - NOT_RUN: delay

2018-07-29 19:05:40 - [TEST_STEP][NOT_RUN] - click: NOT_RUN: click

2018-07-29 19:05:40 - [MESSAGE][NOT_RUN] - NOT_RUN: click

2018-07-29 19:05:40 - [TEST_STEP][NOT_RUN] - click: NOT_RUN: click

2018-07-29 19:05:40 - [MESSAGE][NOT_RUN] - NOT_RUN: click

2018-07-29 19:05:40 - [TEST_STEP][NOT_RUN] - click: NOT_RUN: click

2018-07-29 19:05:40 - [MESSAGE][NOT_RUN] - NOT_RUN: click

2018-07-29 19:05:40 - [TEST_STEP][NOT_RUN] - delay: NOT_RUN: delay

2018-07-29 19:05:40 - [MESSAGE][NOT_RUN] - NOT_RUN: delay

2018-07-29 19:05:40 - [TEST_STEP][NOT_RUN] - verifyTextPresent: NOT_RUN: verifyTextPresent

2018-07-29 19:05:40 - [MESSAGE][NOT_RUN] - NOT_RUN: verifyTextPresent

2018-07-29 19:05:40 - [TEST_STEP][NOT_RUN] - switchToDefaultContent: NOT_RUN: switchToDefaultContent

2018-07-29 19:05:40 - [MESSAGE][NOT_RUN] - NOT_RUN: switchToDefaultContent

2018-07-29 19:05:40 - [TEST_STEP][NOT_RUN] - click: NOT_RUN: click

2018-07-29 19:05:40 - [MESSAGE][NOT_RUN] - NOT_RUN: click

2018-07-29 19:05:40 - [TEST_STEP][NOT_RUN] - delay: NOT_RUN: delay

2018-07-29 19:05:40 - [MESSAGE][NOT_RUN] - NOT_RUN: delay

2018-07-29 19:05:40 - [TEST_STEP][PASSED] - closeBrowser: Browser is closed

2018-07-29 19:05:41 - [MESSAGE][PASSED] - Browser is closed]]></system-out>
         <system-err><![CDATA[]]></system-err>
      </testcase>
      <testcase name="Test Cases/LeadCreation" classname="Test Cases/LeadCreation" status="PASSED">
         <system-out><![CDATA[2018-07-29 19:05:41 - [TEST_CASE][PASSED] - Test Cases/LeadCreation: Test Cases/LeadCreation

2018-07-29 19:05:41 - [TEST_STEP][PASSED] - openBrowser: Browser is opened with url: ''

2018-07-29 19:05:43 - [MESSAGE][PASSED] - Browser is opened with url: ''

2018-07-29 19:05:43 - [TEST_STEP][PASSED] - maximizeWindow: Current window maximized

2018-07-29 19:05:44 - [MESSAGE][PASSED] - Current window maximized

2018-07-29 19:05:44 - [TEST_STEP][PASSED] - navigateToUrl: Navigate to 'https://www.stg.openenglish.com/' successfully

2018-07-29 19:05:52 - [MESSAGE][PASSED] - Navigate to 'https://www.stg.openenglish.com/' successfully

2018-07-29 19:05:52 - [TEST_STEP][PASSED] - setText: Text 'Daniel' is set on object 'Object Repository/Page_Open English Sitio Oficial. Cl/input_firstName'

2018-07-29 19:05:52 - [MESSAGE][PASSED] - Text 'Daniel' is set on object 'Object Repository/Page_Open English Sitio Oficial. Cl/input_firstName'

2018-07-29 19:05:52 - [TEST_STEP][PASSED] - setText: Text 'pctrackerthree' is set on object 'Object Repository/Page_Open English Sitio Oficial. Cl/input_lastName'

2018-07-29 19:05:53 - [MESSAGE][PASSED] - Text 'pctrackerthree' is set on object 'Object Repository/Page_Open English Sitio Oficial. Cl/input_lastName'

2018-07-29 19:05:53 - [TEST_STEP][PASSED] - setText: Text 'daniel.pctracker3@mailinator.com' is set on object 'Object Repository/Page_Open English Sitio Oficial. Cl/input_emailAddress'

2018-07-29 19:05:53 - [MESSAGE][PASSED] - Text 'daniel.pctracker3@mailinator.com' is set on object 'Object Repository/Page_Open English Sitio Oficial. Cl/input_emailAddress'

2018-07-29 19:05:53 - [TEST_STEP][PASSED] - selectOptionByValue: All options with value 'bo' are selected in object 'Object Repository/Page_Open English Sitio Oficial. Cl/select_Pas de residencia Argen'  using regular expression

2018-07-29 19:05:56 - [MESSAGE][PASSED] - All options with value 'bo' are selected in object 'Object Repository/Page_Open English Sitio Oficial. Cl/select_Pas de residencia Argen'  using regular expression

2018-07-29 19:05:56 - [TEST_STEP][PASSED] - selectOptionByValue: All options with value '3' are selected in object 'Object Repository/Page_Open English Sitio Oficial. Cl/select_Regin donde reside Chuq'  using regular expression

2018-07-29 19:05:56 - [MESSAGE][PASSED] - All options with value '3' are selected in object 'Object Repository/Page_Open English Sitio Oficial. Cl/select_Regin donde reside Chuq'  using regular expression

2018-07-29 19:05:56 - [TEST_STEP][PASSED] - click: Object: 'Object Repository/Page_Open English Sitio Oficial. Cl/label_Celular' is clicked on

2018-07-29 19:05:58 - [MESSAGE][PASSED] - Object: 'Object Repository/Page_Open English Sitio Oficial. Cl/label_Celular' is clicked on

2018-07-29 19:05:58 - [TEST_STEP][PASSED] - setText: Text '7' is set on object 'Object Repository/Page_Open English Sitio Oficial. Cl/input_form-control phone-input'

2018-07-29 19:05:58 - [MESSAGE][PASSED] - Text '7' is set on object 'Object Repository/Page_Open English Sitio Oficial. Cl/input_form-control phone-input'

2018-07-29 19:05:58 - [TEST_STEP][PASSED] - setText: Text '372' is set on object 'Object Repository/Page_Open English Sitio Oficial. Cl/input_form-control phone-input_1'

2018-07-29 19:05:58 - [MESSAGE][PASSED] - Text '372' is set on object 'Object Repository/Page_Open English Sitio Oficial. Cl/input_form-control phone-input_1'

2018-07-29 19:05:58 - [TEST_STEP][PASSED] - setText: Text '3333' is set on object 'Object Repository/Page_Open English Sitio Oficial. Cl/input_form-control phone-input_2'

2018-07-29 19:05:58 - [MESSAGE][PASSED] - Text '3333' is set on object 'Object Repository/Page_Open English Sitio Oficial. Cl/input_form-control phone-input_2'

2018-07-29 19:05:58 - [TEST_STEP][PASSED] - click: Object: 'Object Repository/Page_Open English Sitio Oficial. Cl/label_Para m' is clicked on

2018-07-29 19:05:58 - [MESSAGE][PASSED] - Object: 'Object Repository/Page_Open English Sitio Oficial. Cl/label_Para m' is clicked on

2018-07-29 19:05:58 - [TEST_STEP][PASSED] - selectOptionByValue: All options with value '4' are selected in object 'Object Repository/Page_Open English Sitio Oficial. Cl/select_Qu edad tienes 0-7 aos8'  using regular expression

2018-07-29 19:05:59 - [MESSAGE][PASSED] - All options with value '4' are selected in object 'Object Repository/Page_Open English Sitio Oficial. Cl/select_Qu edad tienes 0-7 aos8'  using regular expression

2018-07-29 19:05:59 - [TEST_STEP][PASSED] - click: Object: 'Object Repository/Page_Open English Sitio Oficial. Cl/button_Comienza ahora' is clicked on

2018-07-29 19:05:59 - [MESSAGE][PASSED] - Object: 'Object Repository/Page_Open English Sitio Oficial. Cl/button_Comienza ahora' is clicked on

2018-07-29 19:05:59 - [TEST_STEP][PASSED] - delay: Delayed 30 second(s)

2018-07-29 19:06:29 - [MESSAGE][PASSED] - Delayed 30 second(s)

2018-07-29 19:06:29 - [TEST_STEP][NOT_RUN] - navigateToUrl: NOT_RUN: navigateToUrl

2018-07-29 19:06:29 - [MESSAGE][NOT_RUN] - NOT_RUN: navigateToUrl

2018-07-29 19:06:29 - [TEST_STEP][NOT_RUN] - setText: NOT_RUN: setText

2018-07-29 19:06:29 - [MESSAGE][NOT_RUN] - NOT_RUN: setText

2018-07-29 19:06:29 - [TEST_STEP][NOT_RUN] - setText: NOT_RUN: setText

2018-07-29 19:06:29 - [MESSAGE][NOT_RUN] - NOT_RUN: setText

2018-07-29 19:06:29 - [TEST_STEP][NOT_RUN] - click: NOT_RUN: click

2018-07-29 19:06:29 - [MESSAGE][NOT_RUN] - NOT_RUN: click

2018-07-29 19:06:29 - [TEST_STEP][NOT_RUN] - click: NOT_RUN: click

2018-07-29 19:06:29 - [MESSAGE][NOT_RUN] - NOT_RUN: click

2018-07-29 19:06:29 - [TEST_STEP][NOT_RUN] - setText: NOT_RUN: setText

2018-07-29 19:06:29 - [MESSAGE][NOT_RUN] - NOT_RUN: setText

2018-07-29 19:06:29 - [TEST_STEP][NOT_RUN] - click: NOT_RUN: click

2018-07-29 19:06:29 - [MESSAGE][NOT_RUN] - NOT_RUN: click

2018-07-29 19:06:29 - [TEST_STEP][NOT_RUN] - delay: NOT_RUN: delay

2018-07-29 19:06:29 - [MESSAGE][NOT_RUN] - NOT_RUN: delay

2018-07-29 19:06:29 - [TEST_STEP][NOT_RUN] - click: NOT_RUN: click

2018-07-29 19:06:29 - [MESSAGE][NOT_RUN] - NOT_RUN: click

2018-07-29 19:06:29 - [TEST_STEP][NOT_RUN] - click: NOT_RUN: click

2018-07-29 19:06:29 - [MESSAGE][NOT_RUN] - NOT_RUN: click

2018-07-29 19:06:29 - [TEST_STEP][NOT_RUN] - click: NOT_RUN: click

2018-07-29 19:06:29 - [MESSAGE][NOT_RUN] - NOT_RUN: click

2018-07-29 19:06:29 - [TEST_STEP][NOT_RUN] - click: NOT_RUN: click

2018-07-29 19:06:29 - [MESSAGE][NOT_RUN] - NOT_RUN: click

2018-07-29 19:06:29 - [TEST_STEP][NOT_RUN] - click: NOT_RUN: click

2018-07-29 19:06:29 - [MESSAGE][NOT_RUN] - NOT_RUN: click

2018-07-29 19:06:29 - [TEST_STEP][NOT_RUN] - click: NOT_RUN: click

2018-07-29 19:06:29 - [MESSAGE][NOT_RUN] - NOT_RUN: click

2018-07-29 19:06:29 - [TEST_STEP][NOT_RUN] - click: NOT_RUN: click

2018-07-29 19:06:29 - [MESSAGE][NOT_RUN] - NOT_RUN: click

2018-07-29 19:06:29 - [TEST_STEP][NOT_RUN] - delay: NOT_RUN: delay

2018-07-29 19:06:29 - [MESSAGE][NOT_RUN] - NOT_RUN: delay

2018-07-29 19:06:29 - [TEST_STEP][NOT_RUN] - switchToFrame: NOT_RUN: switchToFrame

2018-07-29 19:06:29 - [MESSAGE][NOT_RUN] - NOT_RUN: switchToFrame

2018-07-29 19:06:29 - [TEST_STEP][NOT_RUN] - delay: NOT_RUN: delay

2018-07-29 19:06:29 - [MESSAGE][NOT_RUN] - NOT_RUN: delay

2018-07-29 19:06:29 - [TEST_STEP][NOT_RUN] - selectOptionByLabel: NOT_RUN: selectOptionByLabel

2018-07-29 19:06:29 - [MESSAGE][NOT_RUN] - NOT_RUN: selectOptionByLabel

2018-07-29 19:06:29 - [TEST_STEP][NOT_RUN] - setText: NOT_RUN: setText

2018-07-29 19:06:29 - [MESSAGE][NOT_RUN] - NOT_RUN: setText

2018-07-29 19:06:29 - [TEST_STEP][NOT_RUN] - setText: NOT_RUN: setText

2018-07-29 19:06:29 - [MESSAGE][NOT_RUN] - NOT_RUN: setText

2018-07-29 19:06:29 - [TEST_STEP][NOT_RUN] - setText: NOT_RUN: setText

2018-07-29 19:06:29 - [MESSAGE][NOT_RUN] - NOT_RUN: setText

2018-07-29 19:06:29 - [TEST_STEP][NOT_RUN] - setText: NOT_RUN: setText

2018-07-29 19:06:29 - [MESSAGE][NOT_RUN] - NOT_RUN: setText

2018-07-29 19:06:29 - [TEST_STEP][NOT_RUN] - setText: NOT_RUN: setText

2018-07-29 19:06:29 - [MESSAGE][NOT_RUN] - NOT_RUN: setText

2018-07-29 19:06:29 - [TEST_STEP][NOT_RUN] - delay: NOT_RUN: delay

2018-07-29 19:06:29 - [MESSAGE][NOT_RUN] - NOT_RUN: delay

2018-07-29 19:06:29 - [TEST_STEP][NOT_RUN] - click: NOT_RUN: click

2018-07-29 19:06:29 - [MESSAGE][NOT_RUN] - NOT_RUN: click

2018-07-29 19:06:29 - [TEST_STEP][NOT_RUN] - click: NOT_RUN: click

2018-07-29 19:06:29 - [MESSAGE][NOT_RUN] - NOT_RUN: click

2018-07-29 19:06:29 - [TEST_STEP][NOT_RUN] - click: NOT_RUN: click

2018-07-29 19:06:29 - [MESSAGE][NOT_RUN] - NOT_RUN: click

2018-07-29 19:06:29 - [TEST_STEP][NOT_RUN] - delay: NOT_RUN: delay

2018-07-29 19:06:29 - [MESSAGE][NOT_RUN] - NOT_RUN: delay

2018-07-29 19:06:29 - [TEST_STEP][NOT_RUN] - verifyTextPresent: NOT_RUN: verifyTextPresent

2018-07-29 19:06:29 - [MESSAGE][NOT_RUN] - NOT_RUN: verifyTextPresent

2018-07-29 19:06:29 - [TEST_STEP][NOT_RUN] - switchToDefaultContent: NOT_RUN: switchToDefaultContent

2018-07-29 19:06:29 - [MESSAGE][NOT_RUN] - NOT_RUN: switchToDefaultContent

2018-07-29 19:06:29 - [TEST_STEP][NOT_RUN] - click: NOT_RUN: click

2018-07-29 19:06:29 - [MESSAGE][NOT_RUN] - NOT_RUN: click

2018-07-29 19:06:29 - [TEST_STEP][NOT_RUN] - delay: NOT_RUN: delay

2018-07-29 19:06:29 - [MESSAGE][NOT_RUN] - NOT_RUN: delay

2018-07-29 19:06:29 - [TEST_STEP][PASSED] - closeBrowser: Browser is closed

2018-07-29 19:06:30 - [MESSAGE][PASSED] - Browser is closed]]></system-out>
         <system-err><![CDATA[]]></system-err>
      </testcase>
      <system-out><![CDATA[2018-07-29 19:03:58 - [TEST_SUITE][PASSED] - TestSuite: Test Cases/LeadCreation]]></system-out>
      <system-err><![CDATA[]]></system-err>
   </testsuite>
</testsuites>
